TN:
SF:node_modules/@layerzerolabs/lz-evm-oapp-v2/contracts/oapp/OApp.sol
FN:30,OApp.oAppVersion
FNDA:0,OApp.oAppVersion
DA:37,0
DA:37,0
FNF:1
FNH:0
LF:1
LH:0
BRF:0
BRH:0
end_of_record
TN:
SF:node_modules/@layerzerolabs/lz-evm-oapp-v2/contracts/oapp/OAppCore.sol
FN:43,OAppCore.setPeer
FNDA:0,OAppCore.setPeer
DA:44,0
DA:44,0
DA:45,0
DA:45,0
FN:54,OAppCore._getPeerOrRevert
FNDA:0,OAppCore._getPeerOrRevert
DA:55,0
DA:55,0
DA:56,0
DA:56,0
DA:56,0
BRDA:56,0,0,-
BRDA:56,0,1,-
DA:56,0
DA:57,0
DA:57,0
FN:67,OAppCore.setDelegate
FNDA:0,OAppCore.setDelegate
DA:68,0
DA:68,0
FNF:3
FNH:0
LF:6
LH:0
BRF:2
BRH:0
end_of_record
TN:
SF:node_modules/@layerzerolabs/lz-evm-oapp-v2/contracts/oapp/OAppReceiver.sol
FN:29,OAppReceiver.oAppVersion
FNDA:0,OAppReceiver.oAppVersion
DA:30,0
DA:30,0
FN:40,OAppReceiver.composeMsgSender
FNDA:0,OAppReceiver.composeMsgSender
DA:41,0
DA:41,0
DA:41,0
FN:53,OAppReceiver.allowInitializePath
FNDA:0,OAppReceiver.allowInitializePath
DA:54,0
DA:54,0
DA:54,0
FN:68,OAppReceiver.nextNonce
FNDA:0,OAppReceiver.nextNonce
DA:69,0
DA:69,0
FN:85,OAppReceiver.lzReceive
FNDA:0,OAppReceiver.lzReceive
DA:93,0
DA:93,0
DA:93,0
BRDA:93,0,0,-
BRDA:93,0,1,-
DA:93,0
DA:96,0
DA:96,0
DA:96,0
BRDA:96,1,0,-
BRDA:96,1,1,-
DA:96,0
DA:99,0
DA:99,0
FNF:5
FNH:0
LF:7
LH:0
BRF:4
BRH:0
end_of_record
TN:
SF:node_modules/@layerzerolabs/lz-evm-oapp-v2/contracts/oapp/OAppSender.sol
FN:33,OAppSender.oAppVersion
FNDA:0,OAppSender.oAppVersion
DA:34,0
DA:34,0
FN:47,OAppSender._quote
FNDA:0,OAppSender._quote
DA:53,0
DA:53,0
DA:54,0
DA:54,0
FN:74,OAppSender._lzSend
FNDA:0,OAppSender._lzSend
DA:82,0
DA:82,0
DA:82,0
DA:83,0
DA:83,0
BRDA:83,0,0,-
BRDA:83,0,1,-
DA:83,0
DA:85,0
DA:85,0
DA:87,0
DA:87,0
FN:104,OAppSender._payNative
FNDA:0,OAppSender._payNative
DA:105,0
DA:105,0
BRDA:105,1,0,-
BRDA:105,1,1,-
DA:105,0
DA:106,0
DA:106,0
FN:116,OAppSender._payLzToken
FNDA:0,OAppSender._payLzToken
DA:118,0
DA:118,0
DA:118,0
DA:119,0
DA:119,0
DA:119,0
BRDA:119,2,0,-
BRDA:119,2,1,-
DA:119,0
DA:122,0
DA:122,0
FNF:5
FNH:0
LF:12
LH:0
BRF:6
BRH:0
end_of_record
TN:
SF:node_modules/@layerzerolabs/lz-evm-oapp-v2/contracts/oapp/libs/OAppOptionsType3.sol
FN:28,OAppOptionsType3.setEnforcedOptions
FNDA:0,OAppOptionsType3.setEnforcedOptions
DA:29,0
DA:29,0
DA:29,0
DA:29,0
DA:31,0
DA:31,0
DA:32,0
DA:32,0
DA:35,0
DA:35,0
FN:50,OAppOptionsType3.combineOptions
FNDA:0,OAppOptionsType3.combineOptions
DA:55,4
DA:55,4
DA:58,4
DA:58,4
BRDA:58,0,0,4
BRDA:58,0,1,-
DA:58,4
DA:61,0
DA:61,0
BRDA:61,1,0,-
BRDA:61,1,1,-
DA:61,0
DA:64,0
DA:64,0
BRDA:64,2,0,-
BRDA:64,2,1,-
DA:65,0
DA:65,0
DA:67,0
DA:67,0
DA:67,0
DA:71,0
DA:71,0
FN:78,OAppOptionsType3._assertOptionsType3
FNDA:0,OAppOptionsType3._assertOptionsType3
DA:79,0
DA:79,0
DA:79,0
DA:80,0
DA:80,0
BRDA:80,3,0,-
BRDA:80,3,1,-
DA:80,0
FNF:3
FNH:0
LF:13
LH:2
BRF:8
BRH:1
end_of_record
TN:
SF:node_modules/@layerzerolabs/lz-evm-oapp-v2/contracts/oft/OFT.sol
FN:37,OFT.oftVersion
FNDA:0,OFT.oftVersion
DA:38,0
DA:38,0
FN:47,OFT.token
FNDA:0,OFT.token
DA:48,0
DA:48,0
DA:48,0
FN:57,OFT.approvalRequired
FNDA:0,OFT.approvalRequired
DA:58,0
DA:58,0
FN:69,OFT._debit
FNDA:4,OFT._debit
DA:74,4
DA:74,4
DA:80,4
DA:80,4
FN:90,OFT._credit
FNDA:4,OFT._credit
DA:96,4
DA:96,4
DA:98,4
DA:98,4
FNF:5
FNH:2
LF:7
LH:4
BRF:0
BRH:0
end_of_record
TN:
SF:node_modules/@layerzerolabs/lz-evm-oapp-v2/contracts/oft/OFTAdapter.sol
FN:49,OFTAdapter.oftVersion
FNDA:0,OFTAdapter.oftVersion
DA:50,0
DA:50,0
FN:59,OFTAdapter.token
FNDA:0,OFTAdapter.token
DA:60,0
DA:60,0
DA:60,0
FN:70,OFTAdapter.approvalRequired
FNDA:0,OFTAdapter.approvalRequired
DA:71,0
DA:71,0
FN:87,OFTAdapter._debit
FNDA:2,OFTAdapter._debit
DA:92,2
DA:92,2
DA:94,2
DA:94,2
FN:108,OFTAdapter._credit
FNDA:2,OFTAdapter._credit
DA:114,2
DA:114,2
DA:116,2
DA:116,2
FNF:5
FNH:2
LF:7
LH:4
BRF:0
BRH:0
end_of_record
TN:
SF:node_modules/@layerzerolabs/lz-evm-oapp-v2/contracts/oft/OFTCore.sol
FN:69,OFTCore.sharedDecimals
FNDA:0,OFTCore.sharedDecimals
DA:70,0
DA:70,0
FN:80,OFTCore.setMsgInspector
FNDA:0,OFTCore.setMsgInspector
DA:81,0
DA:81,0
DA:82,0
DA:82,0
FN:92,OFTCore.quoteOFT
FNDA:0,OFTCore.quoteOFT
DA:100,0
DA:100,0
DA:101,0
DA:101,0
DA:102,0
DA:102,0
DA:105,0
DA:105,0
DA:111,0
DA:111,0
DA:111,0
DA:116,0
DA:116,0
FN:129,OFTCore.quoteSend
FNDA:0,OFTCore.quoteSend
DA:135,0
DA:135,0
DA:135,0
DA:138,0
DA:138,0
DA:138,0
DA:141,0
DA:141,0
DA:141,0
FN:159,OFTCore.send
FNDA:6,OFTCore.send
DA:167,6
DA:167,6
DA:167,6
DA:174,4
DA:174,4
DA:174,4
DA:177,4
DA:177,4
DA:179,4
DA:179,4
DA:181,4
DA:181,4
FN:191,OFTCore._buildMsgAndOptions
FNDA:4,OFTCore._buildMsgAndOptions
DA:195,4
DA:195,4
DA:197,4
DA:197,4
DA:205,4
DA:205,4
DA:205,4
DA:207,4
DA:207,4
DA:211,4
DA:211,4
DA:211,4
BRDA:211,0,0,-
BRDA:211,0,1,-
DA:211,0
FN:225,OFTCore._lzReceive
FNDA:0,OFTCore._lzReceive
DA:234,0
DA:234,0
DA:234,0
DA:236,0
DA:236,0
DA:236,0
DA:238,0
DA:238,0
BRDA:238,1,0,-
BRDA:238,1,1,-
DA:240,0
DA:240,0
DA:240,0
DA:252,0
DA:252,0
DA:255,0
DA:255,0
FN:272,OFTCore._lzReceiveSimulate
FNDA:0,OFTCore._lzReceiveSimulate
DA:279,0
DA:279,0
FN:290,OFTCore.isPeer
FNDA:0,OFTCore.isPeer
DA:291,0
DA:291,0
DA:291,0
FN:302,OFTCore._removeDust
FNDA:6,OFTCore._removeDust
DA:303,6
DA:303,6
DA:303,6
FN:311,OFTCore._toLD
FNDA:0,OFTCore._toLD
DA:312,0
DA:312,0
DA:312,0
FN:320,OFTCore._toSD
FNDA:4,OFTCore._toSD
DA:321,4
DA:321,4
DA:321,4
FN:334,OFTCore._debitView
FNDA:6,OFTCore._debitView
DA:340,6
DA:340,6
DA:342,6
DA:342,6
DA:345,6
DA:345,6
BRDA:345,2,0,-
BRDA:345,2,1,6
DA:346,0
DA:346,0
FNF:13
FNH:5
LF:37
LH:15
BRF:6
BRH:1
end_of_record
TN:
SF:node_modules/@layerzerolabs/lz-evm-oapp-v2/contracts/oft/libs/OFTComposeMsgCodec.sol
FN:20,OFTComposeMsgCodec.encode
FNDA:0,OFTComposeMsgCodec.encode
DA:26,0
DA:26,0
FN:34,OFTComposeMsgCodec.nonce
FNDA:0,OFTComposeMsgCodec.nonce
DA:35,0
DA:35,0
DA:35,0
FN:43,OFTComposeMsgCodec.srcEid
FNDA:0,OFTComposeMsgCodec.srcEid
DA:44,0
DA:44,0
DA:44,0
FN:52,OFTComposeMsgCodec.amountLD
FNDA:0,OFTComposeMsgCodec.amountLD
DA:53,0
DA:53,0
DA:53,0
FN:61,OFTComposeMsgCodec.composeFrom
FNDA:0,OFTComposeMsgCodec.composeFrom
DA:62,0
DA:62,0
DA:62,0
FN:70,OFTComposeMsgCodec.composeMsg
FNDA:0,OFTComposeMsgCodec.composeMsg
DA:71,0
DA:71,0
FN:79,OFTComposeMsgCodec.addressToBytes32
FNDA:0,OFTComposeMsgCodec.addressToBytes32
DA:80,0
DA:80,0
DA:80,0
FN:88,OFTComposeMsgCodec.bytes32ToAddress
FNDA:0,OFTComposeMsgCodec.bytes32ToAddress
DA:89,0
DA:89,0
DA:89,0
FNF:8
FNH:0
LF:8
LH:0
BRF:0
BRH:0
end_of_record
TN:
SF:node_modules/@layerzerolabs/lz-evm-oapp-v2/contracts/oft/libs/OFTMsgCodec.sol
FN:18,OFTMsgCodec.encode
FNDA:0,OFTMsgCodec.encode
DA:23,0
DA:23,0
DA:25,0
DA:25,0
FN:35,OFTMsgCodec.isComposed
FNDA:0,OFTMsgCodec.isComposed
DA:36,0
DA:36,0
DA:36,0
FN:44,OFTMsgCodec.sendTo
FNDA:0,OFTMsgCodec.sendTo
DA:45,0
DA:45,0
DA:45,0
FN:53,OFTMsgCodec.amountSD
FNDA:0,OFTMsgCodec.amountSD
DA:54,0
DA:54,0
DA:54,0
FN:62,OFTMsgCodec.composeMsg
FNDA:0,OFTMsgCodec.composeMsg
DA:63,0
DA:63,0
FN:71,OFTMsgCodec.addressToBytes32
FNDA:0,OFTMsgCodec.addressToBytes32
DA:72,0
DA:72,0
DA:72,0
FN:80,OFTMsgCodec.bytes32ToAddress
FNDA:0,OFTMsgCodec.bytes32ToAddress
DA:81,0
DA:81,0
DA:81,0
FNF:7
FNH:0
LF:8
LH:0
BRF:0
BRH:0
end_of_record
TN:
SF:node_modules/@layerzerolabs/lz-evm-oapp-v2/contracts/precrime/OAppPreCrimeSimulator.sol
FN:24,OAppPreCrimeSimulator.oApp
FNDA:0,OAppPreCrimeSimulator.oApp
DA:25,0
DA:25,0
DA:25,0
FN:32,OAppPreCrimeSimulator.setPreCrime
FNDA:0,OAppPreCrimeSimulator.setPreCrime
DA:33,0
DA:33,0
DA:34,0
DA:34,0
FN:45,OAppPreCrimeSimulator.lzReceiveAndRevert
FNDA:0,OAppPreCrimeSimulator.lzReceiveAndRevert
DA:46,0
DA:46,0
DA:46,0
DA:46,0
DA:47,0
DA:47,0
DA:50,0
DA:50,0
BRDA:50,0,0,-
BRDA:50,0,1,-
DA:50,0
DA:59,0
DA:59,0
DA:69,0
DA:69,0
FN:84,OAppPreCrimeSimulator.lzReceiveSimulate
FNDA:0,OAppPreCrimeSimulator.lzReceiveSimulate
DA:92,0
DA:92,0
DA:92,0
BRDA:92,1,0,-
BRDA:92,1,1,-
DA:92,0
DA:93,0
DA:93,0
FNF:4
FNH:0
LF:10
LH:0
BRF:4
BRH:0
end_of_record
TN:
SF:node_modules/@layerzerolabs/lz-evm-oapp-v2/contracts/precrime/libs/Packet.sol
FN:35,PacketDecoder.decode
FNDA:0,PacketDecoder.decode
DA:36,0
DA:36,0
DA:37,0
DA:37,0
DA:38,0
DA:38,0
DA:39,0
DA:39,0
DA:40,0
DA:40,0
FN:49,PacketDecoder.decode
FNDA:0,PacketDecoder.decode
DA:53,0
DA:53,0
DA:54,0
DA:54,0
DA:54,0
DA:54,0
DA:55,0
DA:55,0
DA:56,0
DA:56,0
DA:58,0
DA:58,0
FNF:2
FNH:0
LF:10
LH:0
BRF:0
BRH:0
end_of_record
TN:
SF:node_modules/@layerzerolabs/lz-evm-protocol-v2/contracts/libs/AddressCast.sol
FN:9,AddressCast.toBytes32
FNDA:0,AddressCast.toBytes32
DA:10,0
DA:10,0
BRDA:10,0,0,-
BRDA:10,0,1,-
DA:10,0
DA:11,0
DA:11,0
DA:13,0
DA:13,0
DA:13,0
DA:14,0
DA:14,0
FN:18,AddressCast.toBytes32
FNDA:0,AddressCast.toBytes32
DA:19,0
DA:19,0
FN:22,AddressCast.toBytes
FNDA:0,AddressCast.toBytes
DA:23,0
DA:23,0
DA:23,0
DA:23,0
BRDA:23,1,0,-
BRDA:23,1,1,-
DA:23,0
DA:24,0
DA:24,0
DA:26,0
DA:26,0
DA:26,0
DA:26,0
FN:33,AddressCast.toAddress
FNDA:0,AddressCast.toAddress
DA:34,0
DA:34,0
FN:37,AddressCast.toAddress
FNDA:0,AddressCast.toAddress
DA:38,0
DA:38,0
BRDA:38,2,0,-
BRDA:38,2,1,-
DA:38,0
DA:39,0
DA:39,0
FNF:5
FNH:0
LF:11
LH:0
BRF:6
BRH:0
end_of_record
TN:
SF:node_modules/@layerzerolabs/lz-evm-protocol-v2/contracts/messagelib/libs/PacketV1Codec.sol
FN:28,PacketV1Codec.encode
FNDA:0,PacketV1Codec.encode
DA:29,0
DA:29,0
FN:41,PacketV1Codec.encodePacketHeader
FNDA:0,PacketV1Codec.encodePacketHeader
DA:42,0
DA:42,0
DA:43,0
DA:43,0
FN:53,PacketV1Codec.encodePayload
FNDA:0,PacketV1Codec.encodePayload
DA:54,0
DA:54,0
DA:54,0
FN:57,PacketV1Codec.header
FNDA:0,PacketV1Codec.header
DA:58,0
DA:58,0
FN:61,PacketV1Codec.version
FNDA:0,PacketV1Codec.version
DA:62,0
DA:62,0
DA:62,0
FN:65,PacketV1Codec.nonce
FNDA:0,PacketV1Codec.nonce
DA:66,0
DA:66,0
DA:66,0
FN:69,PacketV1Codec.srcEid
FNDA:0,PacketV1Codec.srcEid
DA:70,0
DA:70,0
DA:70,0
FN:73,PacketV1Codec.sender
FNDA:0,PacketV1Codec.sender
DA:74,0
DA:74,0
DA:74,0
FN:77,PacketV1Codec.senderAddressB20
FNDA:0,PacketV1Codec.senderAddressB20
DA:78,0
DA:78,0
DA:78,0
FN:81,PacketV1Codec.dstEid
FNDA:0,PacketV1Codec.dstEid
DA:82,0
DA:82,0
DA:82,0
FN:85,PacketV1Codec.receiver
FNDA:0,PacketV1Codec.receiver
DA:86,0
DA:86,0
DA:86,0
FN:89,PacketV1Codec.receiverB20
FNDA:0,PacketV1Codec.receiverB20
DA:90,0
DA:90,0
DA:90,0
FN:93,PacketV1Codec.guid
FNDA:0,PacketV1Codec.guid
DA:94,0
DA:94,0
DA:94,0
FN:97,PacketV1Codec.message
FNDA:0,PacketV1Codec.message
DA:98,0
DA:98,0
DA:98,0
FN:101,PacketV1Codec.payload
FNDA:0,PacketV1Codec.payload
DA:102,0
DA:102,0
DA:102,0
FN:105,PacketV1Codec.payloadHash
FNDA:0,PacketV1Codec.payloadHash
DA:106,0
DA:106,0
DA:106,0
FNF:16
FNH:0
LF:17
LH:0
BRF:0
BRH:0
end_of_record
TN:
SF:node_modules/@openzeppelin/contracts/access/Ownable.sol
FN:56,Ownable.owner
FNDA:0,Ownable.owner
DA:57,70
DA:57,70
FN:63,Ownable._checkOwner
FNDA:52,Ownable._checkOwner
DA:64,52
DA:64,52
DA:64,52
DA:64,52
BRDA:64,0,0,-
BRDA:64,0,1,52
DA:65,0
DA:65,0
FN:76,Ownable.renounceOwnership
FNDA:0,Ownable.renounceOwnership
DA:77,0
DA:77,0
FN:84,Ownable.transferOwnership
FNDA:0,Ownable.transferOwnership
DA:85,0
DA:85,0
DA:85,0
BRDA:85,1,0,-
BRDA:85,1,1,-
DA:86,0
DA:86,0
DA:88,0
DA:88,0
FN:95,Ownable._transferOwnership
FNDA:0,Ownable._transferOwnership
DA:96,0
DA:96,0
DA:97,0
DA:97,0
DA:98,0
DA:98,0
FNF:5
FNH:1
LF:10
LH:2
BRF:4
BRH:1
end_of_record
TN:
SF:node_modules/@openzeppelin/contracts/token/ERC20/ERC20.sol
FN:58,ERC20.name
FNDA:0,ERC20.name
DA:59,28
DA:59,28
FN:66,ERC20.symbol
FNDA:0,ERC20.symbol
DA:67,0
DA:67,0
FN:83,ERC20.decimals
FNDA:6,ERC20.decimals
DA:84,6
DA:84,6
FN:90,ERC20.totalSupply
FNDA:2,ERC20.totalSupply
DA:91,2
DA:91,2
FN:97,ERC20.balanceOf
FNDA:541,ERC20.balanceOf
DA:98,541
DA:98,541
FN:109,ERC20.transfer
FNDA:2,ERC20.transfer
DA:110,2
DA:110,2
DA:110,2
DA:111,2
DA:111,2
DA:112,2
DA:112,2
FN:118,ERC20.allowance
FNDA:0,ERC20.allowance
DA:119,2
DA:119,2
FN:132,ERC20.approve
FNDA:6,ERC20.approve
DA:133,6
DA:133,6
DA:133,6
DA:134,6
DA:134,6
DA:135,6
DA:135,6
FN:154,ERC20.transferFrom
FNDA:2,ERC20.transferFrom
DA:155,2
DA:155,2
DA:155,2
DA:156,2
DA:156,2
DA:157,2
DA:157,2
DA:158,2
DA:158,2
FN:171,ERC20._transfer
FNDA:12,ERC20._transfer
DA:172,12
DA:172,12
DA:172,12
BRDA:172,0,0,-
BRDA:172,0,1,12
DA:173,0
DA:173,0
DA:175,12
DA:175,12
DA:175,12
BRDA:175,1,0,-
BRDA:175,1,1,12
DA:176,0
DA:176,0
DA:178,12
DA:178,12
FN:188,ERC20._update
FNDA:314,ERC20._update
DA:189,314
DA:189,314
DA:189,314
BRDA:189,2,0,42
BRDA:189,2,1,272
DA:191,42
DA:191,42
DA:193,272
DA:193,272
DA:194,272
DA:194,272
BRDA:194,3,0,-
BRDA:194,3,1,272
DA:195,0
DA:195,0
DA:199,272
DA:199,272
DA:203,314
DA:203,314
DA:203,314
BRDA:203,4,0,260
BRDA:203,4,1,54
DA:206,260
DA:206,260
DA:211,54
DA:211,54
DA:215,314
DA:215,314
FN:226,ERC20._mint
FNDA:42,ERC20._mint
DA:227,42
DA:227,42
DA:227,42
BRDA:227,5,0,-
BRDA:227,5,1,42
DA:228,0
DA:228,0
DA:230,42
DA:230,42
FN:241,ERC20._burn
FNDA:260,ERC20._burn
DA:242,260
DA:242,260
DA:242,260
BRDA:242,6,0,-
BRDA:242,6,1,260
DA:243,0
DA:243,0
DA:245,260
DA:245,260
FN:263,ERC20._approve
FNDA:6,ERC20._approve
DA:264,6
DA:264,6
FN:284,ERC20._approve
FNDA:8,ERC20._approve
DA:285,8
DA:285,8
DA:285,8
BRDA:285,7,0,-
BRDA:285,7,1,8
DA:286,0
DA:286,0
DA:288,8
DA:288,8
DA:288,8
BRDA:288,8,0,-
BRDA:288,8,1,8
DA:289,0
DA:289,0
DA:291,8
DA:291,8
DA:292,8
BRDA:292,9,0,6
BRDA:292,9,1,8
DA:293,6
DA:293,6
FN:305,ERC20._spendAllowance
FNDA:2,ERC20._spendAllowance
DA:306,2
DA:306,2
DA:306,2
DA:307,2
DA:307,2
BRDA:307,10,0,-
BRDA:307,10,1,2
DA:308,2
DA:308,2
BRDA:308,11,0,-
BRDA:308,11,1,2
DA:309,0
DA:309,0
DA:312,2
DA:312,2
FNF:16
FNH:13
LF:50
LH:41
BRF:24
BRH:15
end_of_record
TN:
SF:node_modules/@openzeppelin/contracts/token/ERC20/utils/SafeERC20.sol
FN:36,SafeERC20.safeTransfer
FNDA:0,SafeERC20.safeTransfer
DA:37,0
DA:37,0
FN:44,SafeERC20.safeTransferFrom
FNDA:0,SafeERC20.safeTransferFrom
DA:45,0
DA:45,0
FN:52,SafeERC20.safeIncreaseAllowance
FNDA:0,SafeERC20.safeIncreaseAllowance
DA:53,0
DA:53,0
DA:53,0
DA:54,0
DA:54,0
FN:61,SafeERC20.safeDecreaseAllowance
FNDA:0,SafeERC20.safeDecreaseAllowance
DA:63,0
DA:63,0
DA:63,0
DA:64,0
DA:64,0
BRDA:64,0,0,-
BRDA:64,0,1,-
DA:65,0
DA:65,0
DA:67,0
DA:67,0
FN:76,SafeERC20.forceApprove
FNDA:0,SafeERC20.forceApprove
DA:77,0
DA:77,0
DA:77,0
DA:79,0
DA:79,0
BRDA:79,1,0,-
BRDA:79,1,1,-
DA:80,0
DA:80,0
DA:81,0
DA:81,0
FN:91,SafeERC20._callOptionalReturn
FNDA:0,SafeERC20._callOptionalReturn
DA:96,0
DA:96,0
DA:96,0
DA:97,0
DA:97,0
DA:97,0
DA:97,0
BRDA:97,2,0,-
BRDA:97,2,1,-
DA:98,0
DA:98,0
FN:110,SafeERC20._callOptionalReturnBool
FNDA:0,SafeERC20._callOptionalReturnBool
DA:115,0
DA:115,0
DA:115,0
DA:116,0
DA:116,0
DA:116,0
DA:116,0
DA:116,0
FNF:7
FNH:0
LF:17
LH:0
BRF:6
BRH:0
end_of_record
TN:
SF:node_modules/@openzeppelin/contracts/utils/Address.sol
FN:41,Address.sendValue
FNDA:0,Address.sendValue
DA:42,0
DA:42,0
BRDA:42,0,0,-
BRDA:42,0,1,-
DA:43,0
DA:43,0
DA:46,0
DA:46,0
DA:46,0
DA:47,0
DA:47,0
BRDA:47,1,0,-
BRDA:47,1,1,-
DA:48,0
DA:48,0
FN:70,Address.functionCall
FNDA:0,Address.functionCall
DA:71,0
DA:71,0
DA:71,0
FN:83,Address.functionCallWithValue
FNDA:0,Address.functionCallWithValue
DA:84,0
DA:84,0
BRDA:84,2,0,-
BRDA:84,2,1,-
DA:85,0
DA:85,0
DA:87,0
DA:87,0
DA:87,0
DA:88,0
DA:88,0
DA:88,0
FN:95,Address.functionStaticCall
FNDA:0,Address.functionStaticCall
DA:96,0
DA:96,0
DA:96,0
DA:97,0
DA:97,0
DA:97,0
FN:104,Address.functionDelegateCall
FNDA:0,Address.functionDelegateCall
DA:105,0
DA:105,0
DA:105,0
DA:106,0
DA:106,0
DA:106,0
FN:114,Address.verifyCallResultFromTarget
FNDA:0,Address.verifyCallResultFromTarget
DA:119,0
DA:119,0
BRDA:119,3,0,-
BRDA:119,3,1,-
DA:120,0
DA:120,0
DA:124,0
DA:124,0
DA:124,0
DA:124,0
BRDA:124,4,0,-
BRDA:124,4,1,-
DA:125,0
DA:125,0
DA:127,0
DA:127,0
FN:135,Address.verifyCallResult
FNDA:0,Address.verifyCallResult
DA:136,0
DA:136,0
BRDA:136,5,0,-
BRDA:136,5,1,-
DA:137,0
DA:137,0
DA:139,0
DA:139,0
FN:146,Address._revert
FNDA:0,Address._revert
DA:148,0
DA:148,0
BRDA:148,6,0,-
BRDA:148,6,1,-
DA:156,0
DA:156,0
FNF:8
FNH:0
LF:24
LH:0
BRF:14
BRH:0
end_of_record
TN:
SF:node_modules/@openzeppelin/contracts/utils/Context.sol
FN:17,Context._msgSender
FNDA:62,Context._msgSender
DA:18,62
DA:18,62
FN:21,Context._msgData
FNDA:0,Context._msgData
DA:22,0
DA:22,0
FN:25,Context._contextSuffixLength
FNDA:0,Context._contextSuffixLength
DA:26,0
DA:26,0
FNF:3
FNH:1
LF:3
LH:1
BRF:0
BRH:0
end_of_record
TN:
SF:script/Deploy.s.sol
FN:60,DeployElsewhere.run
FNDA:0,DeployElsewhere.run
DA:62,0
DA:62,0
DA:62,0
DA:63,0
DA:63,0
DA:66,0
DA:66,0
DA:67,0
DA:67,0
DA:68,0
DA:68,0
DA:69,0
DA:69,0
DA:71,0
DA:71,0
DA:71,0
DA:72,0
DA:72,0
FN:101,SetRemoteOnHome.run
FNDA:0,SetRemoteOnHome.run
DA:103,0
DA:103,0
DA:103,0
DA:104,0
DA:104,0
DA:108,0
DA:108,0
DA:108,0
DA:109,0
DA:109,0
DA:111,0
DA:111,0
FN:262,SendTokensToHome.run
FNDA:0,SendTokensToHome.run
DA:264,0
DA:264,0
DA:264,0
DA:265,0
DA:265,0
DA:267,0
DA:267,0
DA:267,0
DA:268,0
DA:268,0
DA:268,0
DA:279,0
DA:279,0
DA:279,0
DA:283,0
DA:283,0
DA:285,0
DA:285,0
FN:119,SetRemoteOnAway.run
FNDA:0,SetRemoteOnAway.run
DA:121,0
DA:121,0
DA:121,0
DA:122,0
DA:122,0
DA:126,0
DA:126,0
DA:126,0
DA:127,0
DA:127,0
DA:129,0
DA:129,0
FN:294,SendTokensToRemotePlusGas.run
FNDA:0,SendTokensToRemotePlusGas.run
DA:296,0
DA:296,0
DA:296,0
DA:297,0
DA:297,0
DA:300,0
DA:300,0
DA:305,0
DA:305,0
DA:307,0
DA:307,0
DA:307,0
DA:308,0
DA:308,0
DA:308,0
DA:319,0
DA:319,0
DA:319,0
DA:322,0
DA:322,0
DA:324,0
DA:324,0
FN:191,SetRateLimitsHome.run
FNDA:0,SetRateLimitsHome.run
DA:192,0
DA:192,0
DA:192,0
DA:193,0
DA:193,0
DA:195,0
DA:195,0
DA:196,0
DA:196,0
DA:198,0
DA:198,0
FN:371,SendAndCallToRemote.run
FNDA:0,SendAndCallToRemote.run
DA:373,0
DA:373,0
DA:373,0
DA:374,0
DA:374,0
DA:377,0
DA:377,0
DA:380,0
DA:380,0
DA:380,0
DA:381,0
DA:381,0
DA:381,0
DA:392,0
DA:392,0
DA:392,0
DA:395,0
DA:395,0
DA:397,0
DA:397,0
FN:206,SetRateLimitsRemote.run
FNDA:0,SetRateLimitsRemote.run
DA:208,0
DA:208,0
DA:208,0
DA:209,0
DA:209,0
DA:211,0
DA:211,0
DA:212,0
DA:212,0
DA:214,0
DA:214,0
FN:142,SetGasLimitsHome.run
FNDA:0,SetGasLimitsHome.run
DA:143,0
DA:143,0
DA:143,0
DA:144,0
DA:144,0
DA:146,0
DA:146,0
DA:149,0
DA:149,0
DA:149,0
DA:150,0
DA:150,0
DA:153,0
DA:153,0
DA:155,0
DA:155,0
DA:157,0
DA:157,0
FN:228,SendTokensToAway.run
FNDA:0,SendTokensToAway.run
DA:230,0
DA:230,0
DA:230,0
DA:231,0
DA:231,0
DA:234,0
DA:234,0
DA:237,0
DA:237,0
DA:237,0
DA:238,0
DA:238,0
DA:238,0
DA:249,0
DA:249,0
DA:249,0
DA:252,0
DA:252,0
DA:254,0
DA:254,0
FN:352,BreakBridge.run
FNDA:0,BreakBridge.run
DA:354,0
DA:354,0
DA:354,0
DA:355,0
DA:355,0
DA:360,0
DA:360,0
DA:362,0
DA:362,0
FN:166,SetGasLimitsAway.run
FNDA:0,SetGasLimitsAway.run
DA:167,0
DA:167,0
DA:167,0
DA:168,0
DA:168,0
DA:170,0
DA:170,0
DA:173,0
DA:173,0
DA:173,0
DA:174,0
DA:174,0
DA:177,0
DA:177,0
DA:179,0
DA:179,0
DA:181,0
DA:181,0
FN:33,DeployHome.run
FNDA:0,DeployHome.run
DA:35,0
DA:35,0
DA:35,0
DA:36,0
DA:36,0
DA:39,0
DA:39,0
DA:40,0
DA:40,0
DA:41,0
DA:41,0
DA:42,0
DA:42,0
DA:42,0
DA:45,0
DA:45,0
DA:46,0
DA:46,0
DA:47,0
DA:47,0
DA:47,0
DA:49,0
DA:49,0
FNF:13
FNH:0
LF:90
LH:0
BRF:0
BRH:0
end_of_record
TN:
SF:script/DeployMock.s.sol
FN:59,DeployElsewhere.run
FNDA:0,DeployElsewhere.run
DA:61,0
DA:61,0
DA:61,0
DA:62,0
DA:62,0
DA:65,0
DA:65,0
DA:66,0
DA:66,0
DA:67,0
DA:67,0
DA:68,0
DA:68,0
DA:70,0
DA:70,0
DA:70,0
DA:71,0
DA:71,0
FN:165,SetGasLimitsAway.run
FNDA:0,SetGasLimitsAway.run
DA:166,0
DA:166,0
DA:166,0
DA:167,0
DA:167,0
DA:169,0
DA:169,0
DA:172,0
DA:172,0
DA:172,0
DA:173,0
DA:173,0
DA:176,0
DA:176,0
DA:178,0
DA:178,0
DA:180,0
DA:180,0
FN:225,SendTokensToAway.run
FNDA:0,SendTokensToAway.run
DA:227,0
DA:227,0
DA:227,0
DA:228,0
DA:228,0
DA:231,0
DA:231,0
DA:235,0
DA:235,0
DA:235,0
DA:236,0
DA:236,0
DA:236,0
DA:247,0
DA:247,0
DA:247,0
DA:250,0
DA:250,0
DA:252,0
DA:252,0
FN:118,SetRemoteOnAway.run
FNDA:0,SetRemoteOnAway.run
DA:120,0
DA:120,0
DA:120,0
DA:121,0
DA:121,0
DA:125,0
DA:125,0
DA:125,0
DA:126,0
DA:126,0
DA:128,0
DA:128,0
FN:203,SetRateLimitsRemote.run
FNDA:0,SetRateLimitsRemote.run
DA:205,0
DA:205,0
DA:205,0
DA:206,0
DA:206,0
DA:208,0
DA:208,0
DA:209,0
DA:209,0
DA:211,0
DA:211,0
FN:188,SetRateLimitsHome.run
FNDA:0,SetRateLimitsHome.run
DA:189,0
DA:189,0
DA:189,0
DA:190,0
DA:190,0
DA:192,0
DA:192,0
DA:193,0
DA:193,0
DA:195,0
DA:195,0
FN:33,DeployHome.run
FNDA:0,DeployHome.run
DA:35,0
DA:35,0
DA:35,0
DA:36,0
DA:36,0
DA:39,0
DA:39,0
DA:40,0
DA:40,0
DA:41,0
DA:41,0
DA:42,0
DA:42,0
DA:42,0
DA:45,0
DA:45,0
DA:46,0
DA:46,0
DA:47,0
DA:47,0
DA:47,0
DA:49,0
DA:49,0
FN:100,SetRemoteOnHome.run
FNDA:0,SetRemoteOnHome.run
DA:102,0
DA:102,0
DA:102,0
DA:103,0
DA:103,0
DA:107,0
DA:107,0
DA:107,0
DA:108,0
DA:108,0
DA:110,0
DA:110,0
FN:141,SetGasLimitsHome.run
FNDA:0,SetGasLimitsHome.run
DA:142,0
DA:142,0
DA:142,0
DA:143,0
DA:143,0
DA:145,0
DA:145,0
DA:148,0
DA:148,0
DA:148,0
DA:149,0
DA:149,0
DA:152,0
DA:152,0
DA:154,0
DA:154,0
DA:156,0
DA:156,0
FN:260,SendTokensToRemotePlusGas.run
FNDA:0,SendTokensToRemotePlusGas.run
DA:262,0
DA:262,0
DA:262,0
DA:263,0
DA:263,0
DA:266,0
DA:266,0
DA:271,0
DA:271,0
DA:273,0
DA:273,0
DA:273,0
DA:274,0
DA:274,0
DA:274,0
DA:285,0
DA:285,0
DA:285,0
DA:288,0
DA:288,0
DA:290,0
DA:290,0
FNF:10
FNH:0
LF:71
LH:0
BRF:0
BRH:0
end_of_record
TN:
SF:script/DeploySphinx.s.sol
FN:39,LZState.setUp
FNDA:0,LZState.setUp
DA:41,0
DA:41,0
DA:42,0
DA:42,0
DA:44,0
DA:44,0
DA:49,0
DA:49,0
DA:50,0
DA:50,0
FN:58,Deploy.run
FNDA:0,Deploy.run
DA:60,0
DA:60,0
DA:61,0
DA:61,0
DA:62,0
DA:62,0
DA:65,0
DA:65,0
BRDA:65,0,0,-
BRDA:65,0,1,-
DA:68,0
DA:68,0
DA:69,0
DA:69,0
DA:70,0
DA:70,0
DA:71,0
DA:71,0
DA:74,0
DA:74,0
DA:75,0
DA:75,0
DA:76,0
DA:76,0
DA:79,0
DA:79,0
BRDA:79,1,0,-
BRDA:79,1,1,-
DA:81,0
DA:81,0
DA:82,0
DA:82,0
DA:83,0
DA:83,0
DA:84,0
DA:84,0
DA:86,0
DA:86,0
DA:91,0
DA:91,0
BRDA:91,2,0,-
BRDA:91,2,1,-
DA:94,0
DA:94,0
DA:94,0
DA:95,0
DA:95,0
DA:99,0
DA:99,0
DA:102,0
DA:102,0
DA:102,0
DA:103,0
DA:103,0
DA:105,0
DA:105,0
DA:110,0
DA:110,0
DA:113,0
DA:113,0
DA:113,0
DA:124,0
DA:124,0
DA:124,0
DA:127,0
DA:127,0
DA:129,0
DA:129,0
BRDA:129,3,0,-
BRDA:129,3,1,-
DA:133,0
DA:133,0
DA:133,0
DA:134,0
DA:134,0
DA:138,0
DA:138,0
DA:141,0
DA:141,0
DA:141,0
DA:142,0
DA:142,0
DA:144,0
DA:144,0
FNF:2
FNH:0
LF:40
LH:0
BRF:8
BRH:0
end_of_record
TN:
SF:script/DeploySphinxV2.s.sol
FN:36,LZState.setUp
FNDA:0,LZState.setUp
DA:38,0
DA:38,0
DA:39,0
DA:39,0
DA:41,0
DA:41,0
DA:46,0
DA:46,0
DA:47,0
DA:47,0
FN:54,DeployV2.run
FNDA:0,DeployV2.run
DA:59,0
DA:59,0
DA:60,0
DA:60,0
DA:61,0
DA:61,0
DA:61,0
DA:63,0
DA:63,0
DA:63,0
DA:65,0
DA:65,0
DA:65,0
DA:73,0
DA:73,0
DA:73,0
DA:74,0
DA:74,0
DA:75,0
DA:75,0
DA:75,0
DA:76,0
DA:76,0
DA:76,0
DA:78,0
DA:78,0
DA:78,0
DA:80,0
DA:80,0
DA:80,0
DA:89,0
DA:89,0
DA:93,0
DA:93,0
DA:93,0
DA:95,0
DA:95,0
DA:95,0
DA:104,0
DA:104,0
BRDA:104,0,0,-
BRDA:104,0,1,-
DA:106,0
DA:106,0
DA:107,0
DA:107,0
DA:109,0
DA:109,0
BRDA:109,1,0,-
BRDA:109,1,1,-
DA:111,0
DA:111,0
DA:116,0
DA:116,0
BRDA:116,2,0,-
BRDA:116,2,1,-
DA:119,0
DA:119,0
DA:119,0
DA:120,0
DA:120,0
DA:124,0
DA:124,0
DA:127,0
DA:127,0
DA:127,0
DA:128,0
DA:128,0
DA:131,0
DA:131,0
DA:133,0
DA:133,0
DA:137,0
DA:137,0
DA:138,0
DA:138,0
DA:140,0
DA:140,0
BRDA:140,3,0,-
BRDA:140,3,1,-
DA:144,0
DA:144,0
DA:144,0
DA:145,0
DA:145,0
DA:150,0
DA:150,0
DA:153,0
DA:153,0
DA:153,0
DA:154,0
DA:154,0
DA:157,0
DA:157,0
DA:158,0
DA:158,0
DA:162,0
DA:162,0
DA:163,0
DA:163,0
FNF:2
FNH:0
LF:44
LH:0
BRF:8
BRH:0
end_of_record
TN:
SF:script/Others/Others.s.sol
FN:103,SetGasLimitsHome.run
FNDA:0,SetGasLimitsHome.run
DA:104,0
DA:104,0
DA:104,0
DA:105,0
DA:105,0
DA:107,0
DA:107,0
DA:110,0
DA:110,0
DA:110,0
DA:111,0
DA:111,0
DA:114,0
DA:114,0
DA:116,0
DA:116,0
DA:118,0
DA:118,0
FN:226,SendAndCall.run
FNDA:0,SendAndCall.run
DA:228,0
DA:228,0
DA:228,0
DA:229,0
DA:229,0
DA:232,0
DA:232,0
DA:235,0
DA:235,0
DA:235,0
DA:236,0
DA:236,0
DA:236,0
DA:247,0
DA:247,0
DA:247,0
DA:250,0
DA:250,0
DA:252,0
DA:252,0
FN:62,SetRemoteOnHome.run
FNDA:0,SetRemoteOnHome.run
DA:64,0
DA:64,0
DA:64,0
DA:65,0
DA:65,0
DA:69,0
DA:69,0
DA:69,0
DA:70,0
DA:70,0
DA:72,0
DA:72,0
FN:157,SendTokensToAway.run
FNDA:0,SendTokensToAway.run
DA:159,0
DA:159,0
DA:159,0
DA:160,0
DA:160,0
DA:163,0
DA:163,0
DA:166,0
DA:166,0
DA:166,0
DA:167,0
DA:167,0
DA:167,0
DA:178,0
DA:178,0
DA:178,0
DA:182,0
DA:182,0
DA:184,0
DA:184,0
FN:127,SetGasLimitsAway.run
FNDA:0,SetGasLimitsAway.run
DA:128,0
DA:128,0
DA:128,0
DA:129,0
DA:129,0
DA:131,0
DA:131,0
DA:134,0
DA:134,0
DA:134,0
DA:135,0
DA:135,0
DA:138,0
DA:138,0
DA:140,0
DA:140,0
DA:142,0
DA:142,0
FN:80,SetRemoteOnAway.run
FNDA:0,SetRemoteOnAway.run
DA:82,0
DA:82,0
DA:82,0
DA:83,0
DA:83,0
DA:87,0
DA:87,0
DA:87,0
DA:88,0
DA:88,0
DA:90,0
DA:90,0
FN:286,RetryMessage.run
FNDA:0,RetryMessage.run
DA:288,0
DA:288,0
DA:289,0
DA:289,0
DA:290,0
DA:290,0
DA:291,0
DA:291,0
DA:292,0
DA:292,0
DA:294,0
DA:294,0
DA:300,0
DA:300,0
DA:300,0
DA:302,0
DA:302,0
DA:303,0
DA:303,0
DA:304,0
DA:304,0
DA:305,0
DA:305,0
DA:308,0
DA:308,0
FN:207,ResetPeerOnRemote.run
FNDA:0,ResetPeerOnRemote.run
DA:209,0
DA:209,0
DA:209,0
DA:210,0
DA:210,0
DA:215,0
DA:215,0
DA:217,0
DA:217,0
FNF:8
FNH:0
LF:58
LH:0
BRF:0
BRH:0
end_of_record
TN:
SF:src/EIP3009.sol
FN:45,EIP3009.authorizationState
FNDA:28,EIP3009.authorizationState
DA:46,28
DA:46,28
FN:61,EIP3009._transferWithAuthorization
FNDA:16,EIP3009._transferWithAuthorization
DA:72,16
DA:72,16
FN:94,EIP3009._transferWithAuthorization
FNDA:16,EIP3009._transferWithAuthorization
DA:103,16
DA:103,16
DA:104,4
DA:104,4
DA:120,4
DA:120,4
DA:121,4
DA:121,4
FN:138,EIP3009._receiveWithAuthorization
FNDA:20,EIP3009._receiveWithAuthorization
DA:149,20
DA:149,20
FN:173,EIP3009._receiveWithAuthorization
FNDA:20,EIP3009._receiveWithAuthorization
DA:182,20
DA:182,20
BRDA:182,0,0,6
BRDA:182,0,1,14
DA:183,14
DA:183,14
DA:184,4
DA:184,4
DA:200,4
DA:200,4
DA:201,4
DA:201,4
FN:212,EIP3009._cancelAuthorization
FNDA:16,EIP3009._cancelAuthorization
DA:220,16
DA:220,16
FN:230,EIP3009._cancelAuthorization
FNDA:16,EIP3009._cancelAuthorization
DA:231,16
DA:231,16
DA:232,4
DA:232,4
DA:240,4
DA:240,4
DA:241,4
DA:241,4
FN:250,EIP3009._requireValidSignature
FNDA:12,EIP3009._requireValidSignature
DA:251,12
DA:251,12
BRDA:251,1,0,-
BRDA:251,1,1,12
FN:261,EIP3009._requireUnusedAuthorization
FNDA:46,EIP3009._requireUnusedAuthorization
DA:262,46
DA:262,46
BRDA:262,2,0,34
BRDA:262,2,1,12
FN:272,EIP3009._requireValidAuthorization
FNDA:30,EIP3009._requireValidAuthorization
DA:279,30
DA:279,30
BRDA:279,3,0,-
BRDA:279,3,1,30
DA:280,30
DA:280,30
BRDA:280,4,0,-
BRDA:280,4,1,30
DA:282,30
DA:282,30
FN:290,EIP3009._markAuthorizationAsUsed
FNDA:8,EIP3009._markAuthorizationAsUsed
DA:291,8
DA:291,8
DA:292,8
DA:292,8
FNF:11
FNH:11
LF:24
LH:24
BRF:10
BRH:7
end_of_record
TN:
SF:src/EIP712Domain.sol
FN:23,EIP712Domain.DOMAIN_SEPARATOR
FNDA:16,EIP712Domain.DOMAIN_SEPARATOR
DA:24,16
DA:24,16
DA:24,16
FN:31,EIP712Domain._domainSeparator
FNDA:0,EIP712Domain._domainSeparator
DA:32,0
DA:32,0
FNF:2
FNH:1
LF:2
LH:1
BRF:0
BRH:0
end_of_record
TN:
SF:src/MocaOFT.sol
FN:64,MocaOFT._domainSeparator
FNDA:14,MocaOFT._domainSeparator
DA:65,14
DA:65,14
DA:65,14
FN:78,MocaOFT.setOutboundLimit
FNDA:10,MocaOFT.setOutboundLimit
DA:79,10
DA:79,10
DA:80,10
DA:80,10
FN:88,MocaOFT.setInboundLimit
FNDA:10,MocaOFT.setInboundLimit
DA:89,10
DA:89,10
DA:90,10
DA:90,10
FN:98,MocaOFT.setWhitelist
FNDA:2,MocaOFT.setWhitelist
DA:99,2
DA:99,2
DA:100,2
DA:100,2
FN:108,MocaOFT.setOperator
FNDA:10,MocaOFT.setOperator
DA:109,10
DA:109,10
DA:110,10
DA:110,10
FN:122,MocaOFT._debit
FNDA:4,MocaOFT._debit
DA:124,4
DA:124,4
DA:124,4
DA:127,4
BRDA:127,0,0,1
BRDA:127,0,1,3
DA:127,1
DA:129,3
DA:129,3
DA:130,3
DA:130,3
DA:131,3
DA:131,3
DA:134,3
DA:134,3
BRDA:134,1,0,-
BRDA:134,1,1,3
DA:135,0
DA:135,0
DA:138,3
DA:138,3
DA:142,3
DA:142,3
DA:143,3
DA:143,3
BRDA:143,2,0,1
BRDA:143,2,1,2
DA:143,1
DA:146,2
DA:146,2
DA:147,2
DA:147,2
DA:149,2
DA:149,2
FN:160,MocaOFT._credit
FNDA:4,MocaOFT._credit
DA:162,4
DA:162,4
DA:162,4
DA:165,4
BRDA:165,3,0,1
BRDA:165,3,1,3
DA:165,1
DA:168,3
DA:168,3
DA:169,3
DA:169,3
DA:170,3
DA:170,3
DA:173,3
DA:173,3
BRDA:173,4,0,-
BRDA:173,4,1,3
DA:174,0
DA:174,0
DA:176,3
DA:176,3
DA:180,3
DA:180,3
DA:181,3
DA:181,3
BRDA:181,5,0,1
BRDA:181,5,1,2
DA:181,1
DA:184,2
DA:184,2
DA:185,2
DA:185,2
DA:187,2
DA:187,2
FN:204,MocaOFT.setPeer
FNDA:12,MocaOFT.setPeer
DA:205,12
DA:205,12
BRDA:205,6,0,1
BRDA:205,6,1,11
DA:207,11
DA:207,11
DA:208,11
DA:208,11
FN:229,MocaOFT.transferWithAuthorization
FNDA:8,MocaOFT.transferWithAuthorization
DA:230,8
DA:230,8
FN:253,MocaOFT.cancelAuthorization
FNDA:8,MocaOFT.cancelAuthorization
DA:254,8
DA:254,8
FN:272,MocaOFT.receiveWithAuthorization
FNDA:10,MocaOFT.receiveWithAuthorization
DA:284,10
DA:284,10
FNF:11
FNH:11
LF:41
LH:39
BRF:14
BRH:12
end_of_record
TN:
SF:src/MocaToken.sol
FN:24,MocaToken._domainSeparator
FNDA:14,MocaToken._domainSeparator
DA:25,14
DA:25,14
DA:25,14
FN:34,MocaToken.burn
FNDA:256,MocaToken.burn
DA:35,256
DA:35,256
FN:50,MocaToken.transferWithAuthorization
FNDA:8,MocaToken.transferWithAuthorization
DA:51,8
DA:51,8
FN:74,MocaToken.cancelAuthorization
FNDA:8,MocaToken.cancelAuthorization
DA:75,8
DA:75,8
FN:93,MocaToken.receiveWithAuthorization
FNDA:10,MocaToken.receiveWithAuthorization
DA:105,10
DA:105,10
FNF:5
FNH:5
LF:5
LH:5
BRF:0
BRH:0
end_of_record
TN:
SF:src/MocaTokenAdapter.sol
FN:61,MocaTokenAdapter.setOutboundLimit
FNDA:6,MocaTokenAdapter.setOutboundLimit
DA:62,6
DA:62,6
DA:63,6
DA:63,6
FN:71,MocaTokenAdapter.setInboundLimit
FNDA:6,MocaTokenAdapter.setInboundLimit
DA:72,6
DA:72,6
DA:73,6
DA:73,6
FN:81,MocaTokenAdapter.setWhitelist
FNDA:2,MocaTokenAdapter.setWhitelist
DA:82,2
DA:82,2
DA:83,2
DA:83,2
FN:91,MocaTokenAdapter.setOperator
FNDA:6,MocaTokenAdapter.setOperator
DA:92,6
DA:92,6
DA:93,6
DA:93,6
FN:105,MocaTokenAdapter._debit
FNDA:2,MocaTokenAdapter._debit
DA:107,2
DA:107,2
DA:107,2
DA:110,2
BRDA:110,0,0,1
BRDA:110,0,1,1
DA:110,1
DA:112,1
DA:112,1
DA:113,1
DA:113,1
DA:114,1
DA:114,1
DA:118,1
DA:118,1
BRDA:118,1,0,-
BRDA:118,1,1,1
DA:119,0
DA:119,0
DA:122,1
DA:122,1
DA:126,1
DA:126,1
DA:127,1
DA:127,1
BRDA:127,2,0,1
BRDA:127,2,1,-
DA:127,1
DA:130,0
DA:130,0
DA:131,0
DA:131,0
DA:133,0
DA:133,0
FN:144,MocaTokenAdapter._credit
FNDA:2,MocaTokenAdapter._credit
DA:146,2
DA:146,2
DA:146,2
DA:149,2
BRDA:149,3,0,1
BRDA:149,3,1,1
DA:149,1
DA:152,1
DA:152,1
DA:153,1
DA:153,1
DA:154,1
DA:154,1
DA:158,1
DA:158,1
BRDA:158,4,0,-
BRDA:158,4,1,1
DA:159,0
DA:159,0
DA:161,1
DA:161,1
DA:165,1
DA:165,1
DA:166,1
DA:166,1
BRDA:166,5,0,1
BRDA:166,5,1,-
DA:166,1
DA:169,0
DA:169,0
DA:170,0
DA:170,0
DA:172,0
DA:172,0
FN:189,MocaTokenAdapter.setPeer
FNDA:8,MocaTokenAdapter.setPeer
DA:190,8
DA:190,8
BRDA:190,6,0,1
BRDA:190,6,1,7
DA:192,7
DA:192,7
DA:193,7
DA:193,7
FNF:7
FNH:7
LF:37
LH:29
BRF:14
BRH:10
end_of_record
TN:
SF:src/utils/ECRecover.sol
FN:19,ECRecover.recover
FNDA:0,ECRecover.recover
DA:35,0
DA:35,0
DA:35,0
BRDA:34,0,0,-
BRDA:34,0,1,-
DA:38,0
DA:38,0
DA:41,0
DA:41,0
DA:41,0
DA:41,0
BRDA:41,1,0,-
BRDA:41,1,1,-
DA:42,0
DA:42,0
DA:46,0
DA:46,0
DA:46,0
DA:47,0
DA:47,0
BRDA:47,2,0,-
BRDA:47,2,1,-
DA:49,0
DA:49,0
FN:59,ECRecover.recover
FNDA:0,ECRecover.recover
DA:64,0
DA:64,0
BRDA:64,3,0,-
BRDA:64,3,1,-
DA:66,0
DA:66,0
DA:67,0
DA:67,0
DA:68,0
DA:68,0
DA:74,0
DA:74,0
DA:75,0
DA:75,0
DA:76,0
DA:76,0
DA:78,0
DA:78,0
DA:78,0
FNF:2
FNH:0
LF:15
LH:0
BRF:8
BRH:0
end_of_record
TN:
SF:src/utils/EIP712.sol
FN:16,EIP712.makeDomainSeparator
FNDA:0,EIP712.makeDomainSeparator
DA:21,0
DA:21,0
DA:22,0
DA:22,0
FN:40,EIP712.makeDomainSeparator
FNDA:0,EIP712.makeDomainSeparator
DA:45,0
DA:45,0
DA:47,0
DA:47,0
DA:49,0
DA:49,0
DA:49,0
FNF:2
FNH:0
LF:5
LH:0
BRF:0
BRH:0
end_of_record
TN:
SF:src/utils/MessageHashUtils.sol
FN:24,MessageHashUtils.toTypedDataHash
FNDA:0,MessageHashUtils.toTypedDataHash
DA:34,0
DA:34,0
FNF:1
FNH:0
LF:1
LH:0
BRF:0
BRH:0
end_of_record
TN:
SF:src/utils/SignatureChecker.sol
FN:21,SignatureChecker.isValidSignatureNow
FNDA:0,SignatureChecker.isValidSignatureNow
DA:22,0
DA:22,0
BRDA:22,0,0,-
BRDA:22,0,1,-
DA:23,0
DA:23,0
DA:23,0
DA:23,0
DA:25,0
DA:25,0
DA:25,0
FN:38,SignatureChecker.isValidERC1271SignatureNow
FNDA:0,SignatureChecker.isValidERC1271SignatureNow
DA:39,0
DA:39,0
DA:39,0
DA:46,0
DA:46,0
FN:52,SignatureChecker.isContract
FNDA:0,SignatureChecker.isContract
DA:53,0
DA:53,0
DA:55,0
DA:55,0
DA:57,0
DA:57,0
DA:57,0
FNF:3
FNH:0
LF:8
LH:0
BRF:2
BRH:0
end_of_record
TN:
SF:test/MocaOFTTest.t.sol
FN:35,StateDeployed.setUp
FNDA:0,StateDeployed.setUp
DA:38,0
DA:38,0
DA:39,0
DA:39,0
DA:40,0
DA:40,0
DA:41,0
DA:41,0
DA:44,0
DA:44,0
DA:45,0
DA:45,0
DA:47,0
DA:47,0
DA:50,0
DA:50,0
DA:51,0
DA:51,0
DA:53,0
DA:53,0
DA:54,0
DA:54,0
DA:55,0
DA:55,0
DA:57,0
DA:57,0
FN:60,StateDeployed._getTransferHash
FNDA:0,StateDeployed._getTransferHash
DA:69,0
DA:69,0
DA:69,0
DA:80,0
DA:80,0
DA:80,0
DA:81,0
DA:81,0
FN:84,StateDeployed._getCancelHash
FNDA:0,StateDeployed._getCancelHash
DA:87,0
DA:87,0
DA:87,0
DA:93,0
DA:93,0
DA:93,0
DA:94,0
DA:94,0
FN:97,StateDeployed._getReceiveHash
FNDA:0,StateDeployed._getReceiveHash
DA:105,0
DA:105,0
DA:105,0
DA:115,0
DA:115,0
DA:115,0
DA:116,0
DA:116,0
FN:534,StateRateLimits.setUp
FNDA:0,StateRateLimits.setUp
DA:535,0
DA:535,0
DA:537,0
DA:537,0
DA:539,0
DA:539,0
DA:540,0
DA:540,0
DA:541,0
DA:541,0
DA:543,0
DA:543,0
DA:544,0
DA:544,0
DA:545,0
DA:545,0
DA:547,0
DA:547,0
DA:549,0
DA:549,0
DA:550,0
DA:550,0
DA:552,0
DA:552,0
FNF:5
FNH:0
LF:34
LH:0
BRF:0
BRH:0
end_of_record
TN:
SF:test/MocaTokenAdaptor.t.sol
FN:36,StateDeployed.setUp
FNDA:0,StateDeployed.setUp
DA:39,0
DA:39,0
DA:40,0
DA:40,0
DA:41,0
DA:41,0
DA:42,0
DA:42,0
DA:43,0
DA:43,0
DA:45,0
DA:45,0
DA:46,0
DA:46,0
DA:48,0
DA:48,0
DA:51,0
DA:51,0
DA:52,0
DA:52,0
DA:54,0
DA:54,0
DA:55,0
DA:55,0
DA:56,0
DA:56,0
DA:58,0
DA:58,0
FN:67,StateRateLimits.setUp
FNDA:0,StateRateLimits.setUp
DA:68,0
DA:68,0
DA:70,0
DA:70,0
DA:72,0
DA:72,0
DA:73,0
DA:73,0
DA:74,0
DA:74,0
DA:76,0
DA:76,0
DA:77,0
DA:77,0
DA:78,0
DA:78,0
DA:80,0
DA:80,0
DA:82,0
DA:82,0
DA:83,0
DA:83,0
DA:84,0
DA:84,0
DA:85,0
DA:85,0
DA:87,0
DA:87,0
DA:88,0
DA:88,0
DA:91,0
DA:91,0
FNF:2
FNH:0
LF:30
LH:0
BRF:0
BRH:0
end_of_record
TN:
SF:test/MocaTokenTest.t.sol
FN:20,StateDeployed.setUp
FNDA:0,StateDeployed.setUp
DA:23,0
DA:23,0
DA:24,0
DA:24,0
DA:25,0
DA:25,0
DA:27,0
DA:27,0
DA:28,0
DA:28,0
DA:30,0
DA:30,0
DA:33,0
DA:33,0
DA:34,0
DA:34,0
DA:36,0
DA:36,0
DA:37,0
DA:37,0
DA:39,0
DA:39,0
FN:42,StateDeployed._getTransferHash
FNDA:0,StateDeployed._getTransferHash
DA:51,0
DA:51,0
DA:51,0
DA:62,0
DA:62,0
DA:62,0
DA:64,0
DA:64,0
FN:67,StateDeployed._getCancelHash
FNDA:0,StateDeployed._getCancelHash
DA:70,0
DA:70,0
DA:70,0
DA:76,0
DA:76,0
DA:76,0
DA:78,0
DA:78,0
FN:81,StateDeployed._getReceiveHash
FNDA:0,StateDeployed._getReceiveHash
DA:89,0
DA:89,0
DA:89,0
DA:99,0
DA:99,0
DA:99,0
DA:101,0
DA:101,0
FNF:4
FNH:0
LF:20
LH:0
BRF:0
BRH:0
end_of_record
TN:
SF:test/mocks/DummyContractWallet.sol
FN:17,DummyContractWallet.isValidSignature
FNDA:6,DummyContractWallet.isValidSignature
DA:19,6
DA:19,6
DA:19,6
DA:21,6
DA:21,6
DA:21,6
BRDA:21,0,0,-
BRDA:21,0,1,6
DA:22,0
DA:22,0
DA:23,6
DA:23,6
BRDA:23,1,0,6
BRDA:23,1,1,-
DA:24,6
DA:24,6
DA:26,0
DA:26,0
FN:30,DummyContractWallet.recoverSigner
FNDA:6,DummyContractWallet.recoverSigner
DA:31,6
DA:31,6
DA:32,6
DA:32,6
DA:33,6
DA:33,6
DA:35,6
DA:35,6
BRDA:35,2,0,-
BRDA:35,2,1,6
DA:36,0
DA:36,0
DA:36,0
DA:40,6
DA:40,6
DA:41,6
DA:41,6
DA:42,6
DA:42,6
DA:45,6
DA:45,6
BRDA:45,3,0,-
BRDA:45,3,1,6
DA:46,0
DA:46,0
DA:49,6
DA:49,6
DA:49,6
DA:49,4
BRDA:49,4,0,-
BRDA:49,4,1,6
DA:50,0
DA:50,0
DA:50,0
DA:53,6
DA:53,6
DA:53,6
FNF:2
FNH:2
LF:19
LH:14
BRF:10
BRH:5
end_of_record
TN:
SF:test/mocks/EndpointV2Mock.sol
FN:11,EndpointV2Mock.setDelegate
FNDA:31,EndpointV2Mock.setDelegate
FN:13,EndpointV2Mock.send
FNDA:0,EndpointV2Mock.send
FNF:2
FNH:1
LF:0
LH:0
BRF:0
BRH:0
end_of_record
TN:
SF:test/mocks/MocaOFTMock.sol
FN:22,MocaOFTMock.mint
FNDA:30,MocaOFTMock.mint
DA:23,30
DA:23,30
FN:26,MocaOFTMock.mockLzReceive
FNDA:0,MocaOFTMock.mockLzReceive
DA:27,0
DA:27,0
FN:30,MocaOFTMock.credit
FNDA:4,MocaOFTMock.credit
DA:31,4
DA:31,4
DA:31,4
FN:35,MocaOFTMock._lzSend
FNDA:3,MocaOFTMock._lzSend
FNF:4
FNH:3
LF:3
LH:2
BRF:0
BRH:0
end_of_record
TN:
SF:test/mocks/MocaTokenMock.sol
FN:17,MocaTokenMock.mint
FNDA:8,MocaTokenMock.mint
DA:18,8
DA:18,8
FNF:1
FNH:1
LF:1
LH:1
BRF:0
BRH:0
end_of_record
TN:
SF:test/mocks/MockTokenAdaptor.sol
FN:12,MockTokenAdapter.mockLzReceive
FNDA:0,MockTokenAdapter.mockLzReceive
DA:13,0
DA:13,0
FN:16,MockTokenAdapter.credit
FNDA:2,MockTokenAdapter.credit
DA:17,2
DA:17,2
DA:17,2
FN:21,MockTokenAdapter._lzSend
FNDA:1,MockTokenAdapter._lzSend
FNF:3
FNH:2
LF:2
LH:1
BRF:0
BRH:0
end_of_record
