TN:
SF:node_modules/@layerzerolabs/lz-evm-messagelib-v2/contracts/uln/UlnBase.sol
FN:55,UlnBase.setDefaultUlnConfigs
FNDA:0,UlnBase.setDefaultUlnConfigs
DA:56,0
DA:56,0
DA:56,0
DA:56,0
DA:57,0
DA:57,0
DA:60,0
DA:60,0
BRDA:60,0,0,-
BRDA:60,0,1,-
DA:60,0
DA:61,0
DA:61,0
BRDA:61,1,0,-
BRDA:61,1,1,-
DA:61,0
DA:62,0
DA:62,0
BRDA:62,2,0,-
BRDA:62,2,1,-
DA:62,0
DA:65,0
DA:65,0
DA:67,0
DA:67,0
DA:69,0
DA:69,0
FN:74,UlnBase.getUlnConfig
FNDA:0,UlnBase.getUlnConfig
DA:75,0
DA:75,0
DA:76,0
DA:76,0
DA:79,0
DA:79,0
DA:80,0
DA:80,0
BRDA:80,3,0,-
BRDA:80,3,1,-
DA:81,0
DA:81,0
DA:82,0
DA:82,0
BRDA:82,4,0,-
BRDA:82,4,1,-
DA:84,0
DA:84,0
DA:87,0
DA:87,0
BRDA:87,5,0,-
BRDA:87,5,1,-
DA:88,0
DA:88,0
BRDA:88,6,0,-
BRDA:88,6,1,-
DA:90,0
DA:90,0
DA:91,0
DA:91,0
DA:94,0
DA:94,0
BRDA:94,7,0,-
BRDA:94,7,1,-
DA:95,0
DA:95,0
DA:96,0
DA:96,0
DA:100,0
DA:100,0
BRDA:100,8,0,-
BRDA:100,8,1,-
DA:101,0
DA:101,0
BRDA:101,9,0,-
BRDA:101,9,1,-
DA:103,0
DA:103,0
DA:104,0
DA:104,0
DA:105,0
DA:105,0
DA:108,0
DA:108,0
BRDA:108,10,0,-
BRDA:108,10,1,-
DA:109,0
DA:109,0
DA:110,0
DA:110,0
DA:111,0
DA:111,0
DA:117,0
DA:117,0
FN:121,UlnBase.getAppUlnConfig
FNDA:0,UlnBase.getAppUlnConfig
DA:122,0
DA:122,0
FN:126,UlnBase._setUlnConfig
FNDA:0,UlnBase._setUlnConfig
DA:127,0
DA:127,0
DA:130,0
DA:130,0
DA:131,0
DA:131,0
FN:135,UlnBase._isSupportedEid
FNDA:0,UlnBase._isSupportedEid
DA:136,0
DA:136,0
DA:137,0
DA:137,0
DA:137,0
DA:137,0
DA:137,0
FN:140,UlnBase._assertSupportedEid
FNDA:0,UlnBase._assertSupportedEid
DA:141,0
DA:141,0
BRDA:141,11,0,-
BRDA:141,11,1,-
DA:141,0
FN:146,UlnBase._assertAtLeastOneDVN
FNDA:0,UlnBase._assertAtLeastOneDVN
DA:147,0
DA:147,0
DA:147,0
DA:147,0
BRDA:147,12,0,-
BRDA:147,12,1,-
DA:147,0
FN:151,UlnBase._setConfig
FNDA:0,UlnBase._setConfig
DA:156,0
DA:156,0
DA:156,0
DA:156,0
BRDA:156,13,0,-
BRDA:156,13,1,-
DA:157,0
DA:157,0
BRDA:157,14,0,-
BRDA:157,14,1,-
DA:157,0
DA:159,0
DA:159,0
DA:159,0
DA:159,0
BRDA:159,15,0,-
BRDA:159,15,1,-
DA:160,0
DA:160,0
DA:161,0
DA:161,0
DA:172,0
DA:172,0
DA:172,0
DA:172,0
BRDA:172,16,0,-
BRDA:172,16,1,-
DA:173,0
DA:173,0
BRDA:173,17,0,-
BRDA:173,17,1,-
DA:173,0
DA:174,0
DA:174,0
BRDA:174,18,0,-
BRDA:174,18,1,-
DA:174,0
DA:176,0
DA:176,0
DA:176,0
DA:176,0
BRDA:176,19,0,-
BRDA:176,19,1,-
DA:177,0
DA:177,0
DA:178,0
DA:178,0
DA:178,0
DA:178,0
BRDA:178,20,0,-
BRDA:178,20,1,-
DA:179,0
DA:179,0
DA:180,0
DA:180,0
DA:184,0
DA:184,0
FN:187,UlnBase._assertNoDuplicates
FNDA:0,UlnBase._assertNoDuplicates
DA:188,0
DA:188,0
DA:188,0
DA:189,0
DA:189,0
DA:189,0
DA:189,0
DA:190,0
DA:190,0
DA:191,0
DA:191,0
BRDA:191,21,0,-
BRDA:191,21,1,-
DA:191,0
DA:192,0
DA:192,0
FNF:9
FNH:0
LF:59
LH:0
BRF:44
BRH:0
end_of_record
TN:
SF:node_modules/@layerzerolabs/lz-evm-oapp-v2/contracts/oapp/OApp.sol
FN:30,OApp.oAppVersion
FNDA:0,OApp.oAppVersion
DA:37,0
DA:37,0
FNF:1
FNH:0
LF:1
LH:0
BRF:0
BRH:0
end_of_record
TN:
SF:node_modules/@layerzerolabs/lz-evm-oapp-v2/contracts/oapp/OAppCore.sol
FN:43,OAppCore.setPeer
FNDA:33,OAppCore.setPeer
DA:44,33
DA:44,33
DA:45,33
DA:45,33
FN:54,OAppCore._getPeerOrRevert
FNDA:0,OAppCore._getPeerOrRevert
DA:55,0
DA:55,0
DA:56,0
DA:56,0
DA:56,0
BRDA:56,0,0,-
BRDA:56,0,1,-
DA:56,0
DA:57,0
DA:57,0
FN:67,OAppCore.setDelegate
FNDA:0,OAppCore.setDelegate
DA:68,0
DA:68,0
FNF:3
FNH:1
LF:6
LH:2
BRF:2
BRH:0
end_of_record
TN:
SF:node_modules/@layerzerolabs/lz-evm-oapp-v2/contracts/oapp/OAppReceiver.sol
FN:29,OAppReceiver.oAppVersion
FNDA:0,OAppReceiver.oAppVersion
DA:30,0
DA:30,0
FN:40,OAppReceiver.composeMsgSender
FNDA:0,OAppReceiver.composeMsgSender
DA:41,0
DA:41,0
DA:41,0
FN:53,OAppReceiver.allowInitializePath
FNDA:0,OAppReceiver.allowInitializePath
DA:54,0
DA:54,0
DA:54,0
FN:68,OAppReceiver.nextNonce
FNDA:0,OAppReceiver.nextNonce
DA:69,0
DA:69,0
FN:85,OAppReceiver.lzReceive
FNDA:0,OAppReceiver.lzReceive
DA:93,0
DA:93,0
DA:93,0
BRDA:93,0,0,-
BRDA:93,0,1,-
DA:93,0
DA:96,0
DA:96,0
DA:96,0
BRDA:96,1,0,-
BRDA:96,1,1,-
DA:96,0
DA:99,0
DA:99,0
FNF:5
FNH:0
LF:7
LH:0
BRF:4
BRH:0
end_of_record
TN:
SF:node_modules/@layerzerolabs/lz-evm-oapp-v2/contracts/oapp/OAppSender.sol
FN:33,OAppSender.oAppVersion
FNDA:0,OAppSender.oAppVersion
DA:34,0
DA:34,0
FN:47,OAppSender._quote
FNDA:0,OAppSender._quote
DA:53,0
DA:53,0
DA:54,0
DA:54,0
FN:74,OAppSender._lzSend
FNDA:0,OAppSender._lzSend
DA:82,0
DA:82,0
DA:82,0
DA:83,0
DA:83,0
BRDA:83,0,0,-
BRDA:83,0,1,-
DA:83,0
DA:85,0
DA:85,0
DA:87,0
DA:87,0
FN:104,OAppSender._payNative
FNDA:0,OAppSender._payNative
DA:105,0
DA:105,0
BRDA:105,1,0,-
BRDA:105,1,1,-
DA:105,0
DA:106,0
DA:106,0
FN:116,OAppSender._payLzToken
FNDA:0,OAppSender._payLzToken
DA:118,0
DA:118,0
DA:118,0
DA:119,0
DA:119,0
DA:119,0
BRDA:119,2,0,-
BRDA:119,2,1,-
DA:119,0
DA:122,0
DA:122,0
FNF:5
FNH:0
LF:12
LH:0
BRF:6
BRH:0
end_of_record
TN:
SF:node_modules/@layerzerolabs/lz-evm-oapp-v2/contracts/oapp/libs/OAppOptionsType3.sol
FN:28,OAppOptionsType3.setEnforcedOptions
FNDA:0,OAppOptionsType3.setEnforcedOptions
DA:29,0
DA:29,0
DA:29,0
DA:29,0
DA:31,0
DA:31,0
DA:32,0
DA:32,0
DA:35,0
DA:35,0
FN:50,OAppOptionsType3.combineOptions
FNDA:0,OAppOptionsType3.combineOptions
DA:55,16
DA:55,16
DA:58,16
DA:58,16
BRDA:58,0,0,16
BRDA:58,0,1,-
DA:58,16
DA:61,0
DA:61,0
BRDA:61,1,0,-
BRDA:61,1,1,-
DA:61,0
DA:64,0
DA:64,0
BRDA:64,2,0,-
BRDA:64,2,1,-
DA:65,0
DA:65,0
DA:67,0
DA:67,0
DA:67,0
DA:71,0
DA:71,0
FN:78,OAppOptionsType3._assertOptionsType3
FNDA:0,OAppOptionsType3._assertOptionsType3
DA:79,0
DA:79,0
DA:79,0
DA:80,0
DA:80,0
BRDA:80,3,0,-
BRDA:80,3,1,-
DA:80,0
FNF:3
FNH:0
LF:13
LH:2
BRF:8
BRH:1
end_of_record
TN:
SF:node_modules/@layerzerolabs/lz-evm-oapp-v2/contracts/oft/OFT.sol
FN:37,OFT.oftVersion
FNDA:0,OFT.oftVersion
DA:38,0
DA:38,0
FN:47,OFT.token
FNDA:0,OFT.token
DA:48,0
DA:48,0
DA:48,0
FN:57,OFT.approvalRequired
FNDA:0,OFT.approvalRequired
DA:58,0
DA:58,0
FN:69,OFT._debit
FNDA:9,OFT._debit
DA:74,9
DA:74,9
DA:80,9
DA:80,9
FN:90,OFT._credit
FNDA:8,OFT._credit
DA:96,8
DA:96,8
DA:98,8
DA:98,8
FNF:5
FNH:2
LF:7
LH:4
BRF:0
BRH:0
end_of_record
TN:
SF:node_modules/@layerzerolabs/lz-evm-oapp-v2/contracts/oft/OFTAdapter.sol
FN:49,OFTAdapter.oftVersion
FNDA:0,OFTAdapter.oftVersion
DA:50,0
DA:50,0
FN:59,OFTAdapter.token
FNDA:0,OFTAdapter.token
DA:60,0
DA:60,0
DA:60,0
FN:70,OFTAdapter.approvalRequired
FNDA:0,OFTAdapter.approvalRequired
DA:71,0
DA:71,0
FN:87,OFTAdapter._debit
FNDA:9,OFTAdapter._debit
DA:92,9
DA:92,9
DA:94,9
DA:94,9
FN:108,OFTAdapter._credit
FNDA:8,OFTAdapter._credit
DA:114,8
DA:114,8
DA:116,8
DA:116,8
FNF:5
FNH:2
LF:7
LH:4
BRF:0
BRH:0
end_of_record
TN:
SF:node_modules/@layerzerolabs/lz-evm-oapp-v2/contracts/oft/OFTCore.sol
FN:69,OFTCore.sharedDecimals
FNDA:0,OFTCore.sharedDecimals
DA:70,0
DA:70,0
FN:80,OFTCore.setMsgInspector
FNDA:0,OFTCore.setMsgInspector
DA:81,0
DA:81,0
DA:82,0
DA:82,0
FN:92,OFTCore.quoteOFT
FNDA:0,OFTCore.quoteOFT
DA:100,0
DA:100,0
DA:101,0
DA:101,0
DA:102,0
DA:102,0
DA:105,0
DA:105,0
DA:111,0
DA:111,0
DA:111,0
DA:116,0
DA:116,0
FN:129,OFTCore.quoteSend
FNDA:0,OFTCore.quoteSend
DA:135,0
DA:135,0
DA:135,0
DA:138,0
DA:138,0
DA:138,0
DA:141,0
DA:141,0
DA:141,0
FN:159,OFTCore.send
FNDA:0,OFTCore.send
DA:167,0
DA:167,0
DA:167,0
DA:174,0
DA:174,0
DA:174,0
DA:177,0
DA:177,0
DA:179,0
DA:179,0
DA:181,0
DA:181,0
FN:191,OFTCore._buildMsgAndOptions
FNDA:16,OFTCore._buildMsgAndOptions
DA:195,16
DA:195,16
DA:197,16
DA:197,16
DA:205,16
DA:205,16
DA:205,16
DA:207,16
DA:207,16
DA:211,16
DA:211,16
DA:211,16
BRDA:211,0,0,-
BRDA:211,0,1,-
DA:211,0
FN:225,OFTCore._lzReceive
FNDA:0,OFTCore._lzReceive
DA:234,0
DA:234,0
DA:234,0
DA:236,0
DA:236,0
DA:236,0
DA:238,0
DA:238,0
BRDA:238,1,0,-
BRDA:238,1,1,-
DA:240,0
DA:240,0
DA:240,0
DA:252,0
DA:252,0
DA:255,0
DA:255,0
FN:272,OFTCore._lzReceiveSimulate
FNDA:0,OFTCore._lzReceiveSimulate
DA:279,0
DA:279,0
FN:290,OFTCore.isPeer
FNDA:0,OFTCore.isPeer
DA:291,0
DA:291,0
DA:291,0
FN:302,OFTCore._removeDust
FNDA:18,OFTCore._removeDust
DA:303,18
DA:303,18
DA:303,18
FN:311,OFTCore._toLD
FNDA:0,OFTCore._toLD
DA:312,0
DA:312,0
DA:312,0
FN:320,OFTCore._toSD
FNDA:16,OFTCore._toSD
DA:321,16
DA:321,16
DA:321,16
FN:334,OFTCore._debitView
FNDA:18,OFTCore._debitView
DA:340,18
DA:340,18
DA:342,18
DA:342,18
DA:345,18
DA:345,18
BRDA:345,2,0,-
BRDA:345,2,1,18
DA:346,0
DA:346,0
FNF:13
FNH:4
LF:37
LH:10
BRF:6
BRH:1
end_of_record
TN:
SF:node_modules/@layerzerolabs/lz-evm-oapp-v2/contracts/oft/libs/OFTComposeMsgCodec.sol
FN:20,OFTComposeMsgCodec.encode
FNDA:0,OFTComposeMsgCodec.encode
DA:26,0
DA:26,0
FN:34,OFTComposeMsgCodec.nonce
FNDA:0,OFTComposeMsgCodec.nonce
DA:35,0
DA:35,0
DA:35,0
FN:43,OFTComposeMsgCodec.srcEid
FNDA:0,OFTComposeMsgCodec.srcEid
DA:44,0
DA:44,0
DA:44,0
FN:52,OFTComposeMsgCodec.amountLD
FNDA:0,OFTComposeMsgCodec.amountLD
DA:53,0
DA:53,0
DA:53,0
FN:61,OFTComposeMsgCodec.composeFrom
FNDA:0,OFTComposeMsgCodec.composeFrom
DA:62,0
DA:62,0
DA:62,0
FN:70,OFTComposeMsgCodec.composeMsg
FNDA:0,OFTComposeMsgCodec.composeMsg
DA:71,0
DA:71,0
FN:79,OFTComposeMsgCodec.addressToBytes32
FNDA:0,OFTComposeMsgCodec.addressToBytes32
DA:80,0
DA:80,0
DA:80,0
FN:88,OFTComposeMsgCodec.bytes32ToAddress
FNDA:0,OFTComposeMsgCodec.bytes32ToAddress
DA:89,0
DA:89,0
DA:89,0
FNF:8
FNH:0
LF:8
LH:0
BRF:0
BRH:0
end_of_record
TN:
SF:node_modules/@layerzerolabs/lz-evm-oapp-v2/contracts/oft/libs/OFTMsgCodec.sol
FN:18,OFTMsgCodec.encode
FNDA:0,OFTMsgCodec.encode
DA:23,0
DA:23,0
DA:25,0
DA:25,0
FN:35,OFTMsgCodec.isComposed
FNDA:0,OFTMsgCodec.isComposed
DA:36,0
DA:36,0
DA:36,0
FN:44,OFTMsgCodec.sendTo
FNDA:0,OFTMsgCodec.sendTo
DA:45,0
DA:45,0
DA:45,0
FN:53,OFTMsgCodec.amountSD
FNDA:0,OFTMsgCodec.amountSD
DA:54,0
DA:54,0
DA:54,0
FN:62,OFTMsgCodec.composeMsg
FNDA:0,OFTMsgCodec.composeMsg
DA:63,0
DA:63,0
FN:71,OFTMsgCodec.addressToBytes32
FNDA:0,OFTMsgCodec.addressToBytes32
DA:72,0
DA:72,0
DA:72,0
FN:80,OFTMsgCodec.bytes32ToAddress
FNDA:0,OFTMsgCodec.bytes32ToAddress
DA:81,0
DA:81,0
DA:81,0
FNF:7
FNH:0
LF:8
LH:0
BRF:0
BRH:0
end_of_record
TN:
SF:node_modules/@layerzerolabs/lz-evm-oapp-v2/contracts/precrime/OAppPreCrimeSimulator.sol
FN:24,OAppPreCrimeSimulator.oApp
FNDA:0,OAppPreCrimeSimulator.oApp
DA:25,0
DA:25,0
DA:25,0
FN:32,OAppPreCrimeSimulator.setPreCrime
FNDA:0,OAppPreCrimeSimulator.setPreCrime
DA:33,0
DA:33,0
DA:34,0
DA:34,0
FN:45,OAppPreCrimeSimulator.lzReceiveAndRevert
FNDA:0,OAppPreCrimeSimulator.lzReceiveAndRevert
DA:46,0
DA:46,0
DA:46,0
DA:46,0
DA:47,0
DA:47,0
DA:50,0
DA:50,0
BRDA:50,0,0,-
BRDA:50,0,1,-
DA:50,0
DA:59,0
DA:59,0
DA:69,0
DA:69,0
FN:84,OAppPreCrimeSimulator.lzReceiveSimulate
FNDA:0,OAppPreCrimeSimulator.lzReceiveSimulate
DA:92,0
DA:92,0
DA:92,0
BRDA:92,1,0,-
BRDA:92,1,1,-
DA:92,0
DA:93,0
DA:93,0
FNF:4
FNH:0
LF:10
LH:0
BRF:4
BRH:0
end_of_record
TN:
SF:node_modules/@layerzerolabs/lz-evm-oapp-v2/contracts/precrime/libs/Packet.sol
FN:35,PacketDecoder.decode
FNDA:0,PacketDecoder.decode
DA:36,0
DA:36,0
DA:37,0
DA:37,0
DA:38,0
DA:38,0
DA:39,0
DA:39,0
DA:40,0
DA:40,0
FN:49,PacketDecoder.decode
FNDA:0,PacketDecoder.decode
DA:53,0
DA:53,0
DA:54,0
DA:54,0
DA:54,0
DA:54,0
DA:55,0
DA:55,0
DA:56,0
DA:56,0
DA:58,0
DA:58,0
FNF:2
FNH:0
LF:10
LH:0
BRF:0
BRH:0
end_of_record
TN:
SF:node_modules/@layerzerolabs/lz-evm-protocol-v2/contracts/libs/AddressCast.sol
FN:9,AddressCast.toBytes32
FNDA:0,AddressCast.toBytes32
DA:10,0
DA:10,0
BRDA:10,0,0,-
BRDA:10,0,1,-
DA:10,0
DA:11,0
DA:11,0
DA:13,0
DA:13,0
DA:13,0
DA:14,0
DA:14,0
FN:18,AddressCast.toBytes32
FNDA:0,AddressCast.toBytes32
DA:19,0
DA:19,0
FN:22,AddressCast.toBytes
FNDA:0,AddressCast.toBytes
DA:23,0
DA:23,0
DA:23,0
DA:23,0
BRDA:23,1,0,-
BRDA:23,1,1,-
DA:23,0
DA:24,0
DA:24,0
DA:26,0
DA:26,0
DA:26,0
DA:26,0
FN:33,AddressCast.toAddress
FNDA:0,AddressCast.toAddress
DA:34,0
DA:34,0
FN:37,AddressCast.toAddress
FNDA:0,AddressCast.toAddress
DA:38,0
DA:38,0
BRDA:38,2,0,-
BRDA:38,2,1,-
DA:38,0
DA:39,0
DA:39,0
FNF:5
FNH:0
LF:11
LH:0
BRF:6
BRH:0
end_of_record
TN:
SF:node_modules/@layerzerolabs/lz-evm-protocol-v2/contracts/messagelib/libs/PacketV1Codec.sol
FN:28,PacketV1Codec.encode
FNDA:0,PacketV1Codec.encode
DA:29,0
DA:29,0
FN:41,PacketV1Codec.encodePacketHeader
FNDA:0,PacketV1Codec.encodePacketHeader
DA:42,0
DA:42,0
DA:43,0
DA:43,0
FN:53,PacketV1Codec.encodePayload
FNDA:0,PacketV1Codec.encodePayload
DA:54,0
DA:54,0
DA:54,0
FN:57,PacketV1Codec.header
FNDA:0,PacketV1Codec.header
DA:58,0
DA:58,0
FN:61,PacketV1Codec.version
FNDA:0,PacketV1Codec.version
DA:62,0
DA:62,0
DA:62,0
FN:65,PacketV1Codec.nonce
FNDA:0,PacketV1Codec.nonce
DA:66,0
DA:66,0
DA:66,0
FN:69,PacketV1Codec.srcEid
FNDA:0,PacketV1Codec.srcEid
DA:70,0
DA:70,0
DA:70,0
FN:73,PacketV1Codec.sender
FNDA:0,PacketV1Codec.sender
DA:74,0
DA:74,0
DA:74,0
FN:77,PacketV1Codec.senderAddressB20
FNDA:0,PacketV1Codec.senderAddressB20
DA:78,0
DA:78,0
DA:78,0
FN:81,PacketV1Codec.dstEid
FNDA:0,PacketV1Codec.dstEid
DA:82,0
DA:82,0
DA:82,0
FN:85,PacketV1Codec.receiver
FNDA:0,PacketV1Codec.receiver
DA:86,0
DA:86,0
DA:86,0
FN:89,PacketV1Codec.receiverB20
FNDA:0,PacketV1Codec.receiverB20
DA:90,0
DA:90,0
DA:90,0
FN:93,PacketV1Codec.guid
FNDA:0,PacketV1Codec.guid
DA:94,0
DA:94,0
DA:94,0
FN:97,PacketV1Codec.message
FNDA:0,PacketV1Codec.message
DA:98,0
DA:98,0
DA:98,0
FN:101,PacketV1Codec.payload
FNDA:0,PacketV1Codec.payload
DA:102,0
DA:102,0
DA:102,0
FN:105,PacketV1Codec.payloadHash
FNDA:0,PacketV1Codec.payloadHash
DA:106,0
DA:106,0
DA:106,0
FNF:16
FNH:0
LF:17
LH:0
BRF:0
BRH:0
end_of_record
TN:
SF:node_modules/@openzeppelin/contracts/access/Ownable.sol
FN:56,Ownable.owner
FNDA:2,Ownable.owner
DA:57,156
DA:57,156
FN:63,Ownable._checkOwner
FNDA:150,Ownable._checkOwner
DA:64,150
DA:64,150
DA:64,150
DA:64,150
BRDA:64,0,0,6
BRDA:64,0,1,144
DA:65,6
DA:65,6
FN:76,Ownable.renounceOwnership
FNDA:0,Ownable.renounceOwnership
DA:77,0
DA:77,0
FN:84,Ownable.transferOwnership
FNDA:0,Ownable.transferOwnership
DA:85,0
DA:85,0
DA:85,0
BRDA:85,1,0,-
BRDA:85,1,1,-
DA:86,0
DA:86,0
DA:88,0
DA:88,0
FN:95,Ownable._transferOwnership
FNDA:2,Ownable._transferOwnership
DA:96,2
DA:96,2
DA:97,2
DA:97,2
DA:98,2
DA:98,2
FNF:5
FNH:3
LF:10
LH:6
BRF:4
BRH:2
end_of_record
TN:
SF:node_modules/@openzeppelin/contracts/access/Ownable2Step.sol
FN:27,Ownable2Step.pendingOwner
FNDA:2,Ownable2Step.pendingOwner
DA:28,4
DA:28,4
FN:35,Ownable2Step.transferOwnership
FNDA:2,Ownable2Step.transferOwnership
DA:36,2
DA:36,2
DA:37,2
DA:37,2
FN:44,Ownable2Step._transferOwnership
FNDA:2,Ownable2Step._transferOwnership
DA:45,2
DA:45,2
DA:46,2
DA:46,2
FN:52,Ownable2Step.acceptOwnership
FNDA:2,Ownable2Step.acceptOwnership
DA:53,2
DA:53,2
DA:53,2
DA:54,2
DA:54,2
DA:54,2
BRDA:54,0,0,-
BRDA:54,0,1,2
DA:55,0
DA:55,0
DA:57,2
DA:57,2
FNF:4
FNH:4
LF:9
LH:8
BRF:2
BRH:1
end_of_record
TN:
SF:node_modules/@openzeppelin/contracts/token/ERC20/ERC20.sol
FN:58,ERC20.name
FNDA:0,ERC20.name
DA:59,0
DA:59,0
FN:66,ERC20.symbol
FNDA:0,ERC20.symbol
DA:67,0
DA:67,0
FN:83,ERC20.decimals
FNDA:17,ERC20.decimals
DA:84,17
DA:84,17
FN:90,ERC20.totalSupply
FNDA:2,ERC20.totalSupply
DA:91,11
DA:91,11
FN:97,ERC20.balanceOf
FNDA:545,ERC20.balanceOf
DA:98,545
DA:98,545
FN:109,ERC20.transfer
FNDA:8,ERC20.transfer
DA:110,8
DA:110,8
DA:110,8
DA:111,8
DA:111,8
DA:112,8
DA:112,8
FN:118,ERC20.allowance
FNDA:0,ERC20.allowance
DA:119,9
DA:119,9
FN:132,ERC20.approve
FNDA:17,ERC20.approve
DA:133,17
DA:133,17
DA:133,17
DA:134,17
DA:134,17
DA:135,17
DA:135,17
FN:154,ERC20.transferFrom
FNDA:9,ERC20.transferFrom
DA:155,9
DA:155,9
DA:155,9
DA:156,9
DA:156,9
DA:157,9
DA:157,9
DA:158,9
DA:158,9
FN:171,ERC20._transfer
FNDA:25,ERC20._transfer
DA:172,25
DA:172,25
DA:172,25
BRDA:172,0,0,-
BRDA:172,0,1,25
DA:173,0
DA:173,0
DA:175,25
DA:175,25
DA:175,25
BRDA:175,1,0,-
BRDA:175,1,1,25
DA:176,0
DA:176,0
DA:178,25
DA:178,25
FN:188,ERC20._update
FNDA:371,ERC20._update
DA:189,371
DA:189,371
DA:189,371
BRDA:189,2,0,81
BRDA:189,2,1,290
DA:191,81
DA:191,81
DA:193,290
DA:193,290
DA:194,290
DA:194,290
BRDA:194,3,0,-
BRDA:194,3,1,290
DA:195,0
DA:195,0
DA:199,290
DA:199,290
DA:203,371
DA:203,371
DA:203,371
BRDA:203,4,0,265
BRDA:203,4,1,106
DA:206,265
DA:206,265
DA:211,106
DA:211,106
DA:215,371
DA:215,371
FN:226,ERC20._mint
FNDA:81,ERC20._mint
DA:227,81
DA:227,81
DA:227,81
BRDA:227,5,0,-
BRDA:227,5,1,81
DA:228,0
DA:228,0
DA:230,81
DA:230,81
FN:241,ERC20._burn
FNDA:265,ERC20._burn
DA:242,265
DA:242,265
DA:242,265
BRDA:242,6,0,-
BRDA:242,6,1,265
DA:243,0
DA:243,0
DA:245,265
DA:245,265
FN:263,ERC20._approve
FNDA:17,ERC20._approve
DA:264,17
DA:264,17
FN:284,ERC20._approve
FNDA:26,ERC20._approve
DA:285,26
DA:285,26
DA:285,26
BRDA:285,7,0,-
BRDA:285,7,1,26
DA:286,0
DA:286,0
DA:288,26
DA:288,26
DA:288,26
BRDA:288,8,0,-
BRDA:288,8,1,26
DA:289,0
DA:289,0
DA:291,26
DA:291,26
DA:292,26
BRDA:292,9,0,17
BRDA:292,9,1,26
DA:293,17
DA:293,17
FN:305,ERC20._spendAllowance
FNDA:9,ERC20._spendAllowance
DA:306,9
DA:306,9
DA:306,9
DA:307,9
DA:307,9
BRDA:307,10,0,-
BRDA:307,10,1,9
DA:308,9
DA:308,9
BRDA:308,11,0,-
BRDA:308,11,1,9
DA:309,0
DA:309,0
DA:312,9
DA:312,9
FNF:16
FNH:13
LF:50
LH:40
BRF:24
BRH:15
end_of_record
TN:
SF:node_modules/@openzeppelin/contracts/token/ERC20/utils/SafeERC20.sol
FN:36,SafeERC20.safeTransfer
FNDA:0,SafeERC20.safeTransfer
DA:37,0
DA:37,0
FN:44,SafeERC20.safeTransferFrom
FNDA:0,SafeERC20.safeTransferFrom
DA:45,0
DA:45,0
FN:52,SafeERC20.safeIncreaseAllowance
FNDA:0,SafeERC20.safeIncreaseAllowance
DA:53,0
DA:53,0
DA:53,0
DA:54,0
DA:54,0
FN:61,SafeERC20.safeDecreaseAllowance
FNDA:0,SafeERC20.safeDecreaseAllowance
DA:63,0
DA:63,0
DA:63,0
DA:64,0
DA:64,0
BRDA:64,0,0,-
BRDA:64,0,1,-
DA:65,0
DA:65,0
DA:67,0
DA:67,0
FN:76,SafeERC20.forceApprove
FNDA:0,SafeERC20.forceApprove
DA:77,0
DA:77,0
DA:77,0
DA:79,0
DA:79,0
BRDA:79,1,0,-
BRDA:79,1,1,-
DA:80,0
DA:80,0
DA:81,0
DA:81,0
FN:91,SafeERC20._callOptionalReturn
FNDA:0,SafeERC20._callOptionalReturn
DA:96,0
DA:96,0
DA:96,0
DA:97,0
DA:97,0
DA:97,0
DA:97,0
BRDA:97,2,0,-
BRDA:97,2,1,-
DA:98,0
DA:98,0
FN:110,SafeERC20._callOptionalReturnBool
FNDA:0,SafeERC20._callOptionalReturnBool
DA:115,0
DA:115,0
DA:115,0
DA:116,0
DA:116,0
DA:116,0
DA:116,0
DA:116,0
FNF:7
FNH:0
LF:17
LH:0
BRF:6
BRH:0
end_of_record
TN:
SF:node_modules/@openzeppelin/contracts/utils/Address.sol
FN:41,Address.sendValue
FNDA:0,Address.sendValue
DA:42,0
DA:42,0
BRDA:42,0,0,-
BRDA:42,0,1,-
DA:43,0
DA:43,0
DA:46,0
DA:46,0
DA:46,0
DA:47,0
DA:47,0
BRDA:47,1,0,-
BRDA:47,1,1,-
DA:48,0
DA:48,0
FN:70,Address.functionCall
FNDA:0,Address.functionCall
DA:71,0
DA:71,0
DA:71,0
FN:83,Address.functionCallWithValue
FNDA:0,Address.functionCallWithValue
DA:84,0
DA:84,0
BRDA:84,2,0,-
BRDA:84,2,1,-
DA:85,0
DA:85,0
DA:87,0
DA:87,0
DA:87,0
DA:88,0
DA:88,0
DA:88,0
FN:95,Address.functionStaticCall
FNDA:0,Address.functionStaticCall
DA:96,0
DA:96,0
DA:96,0
DA:97,0
DA:97,0
DA:97,0
FN:104,Address.functionDelegateCall
FNDA:0,Address.functionDelegateCall
DA:105,0
DA:105,0
DA:105,0
DA:106,0
DA:106,0
DA:106,0
FN:114,Address.verifyCallResultFromTarget
FNDA:0,Address.verifyCallResultFromTarget
DA:119,0
DA:119,0
BRDA:119,3,0,-
BRDA:119,3,1,-
DA:120,0
DA:120,0
DA:124,0
DA:124,0
DA:124,0
DA:124,0
BRDA:124,4,0,-
BRDA:124,4,1,-
DA:125,0
DA:125,0
DA:127,0
DA:127,0
FN:135,Address.verifyCallResult
FNDA:0,Address.verifyCallResult
DA:136,0
DA:136,0
BRDA:136,5,0,-
BRDA:136,5,1,-
DA:137,0
DA:137,0
DA:139,0
DA:139,0
FN:146,Address._revert
FNDA:0,Address._revert
DA:148,0
DA:148,0
BRDA:148,6,0,-
BRDA:148,6,1,-
DA:156,0
DA:156,0
FNF:8
FNH:0
LF:24
LH:0
BRF:14
BRH:0
end_of_record
TN:
SF:node_modules/@openzeppelin/contracts/utils/Context.sol
FN:17,Context._msgSender
FNDA:192,Context._msgSender
DA:18,192
DA:18,192
FN:21,Context._msgData
FNDA:0,Context._msgData
DA:22,0
DA:22,0
FN:25,Context._contextSuffixLength
FNDA:0,Context._contextSuffixLength
DA:26,0
DA:26,0
FNF:3
FNH:1
LF:3
LH:1
BRF:0
BRH:0
end_of_record
TN:
SF:script/Deploy.s.sol
FN:270,SetDvnRemote.run
FNDA:0,SetDvnRemote.run
DA:273,0
DA:273,0
DA:275,0
DA:275,0
DA:284,0
DA:284,0
DA:285,0
DA:285,0
DA:285,0
DA:287,0
DA:287,0
DA:288,0
DA:288,0
DA:289,0
DA:289,0
DA:290,0
DA:290,0
DA:292,0
DA:292,0
DA:295,0
DA:295,0
DA:296,0
DA:296,0
DA:299,0
DA:299,0
DA:299,0
DA:306,0
DA:306,0
DA:306,0
DA:307,0
DA:307,0
DA:310,0
DA:310,0
DA:311,0
DA:311,0
DA:313,0
DA:313,0
DA:314,0
DA:314,0
FN:217,SetDvnHome.run
FNDA:0,SetDvnHome.run
DA:220,0
DA:220,0
DA:222,0
DA:222,0
DA:231,0
DA:231,0
DA:232,0
DA:232,0
DA:232,0
DA:234,0
DA:234,0
DA:235,0
DA:235,0
DA:236,0
DA:236,0
DA:237,0
DA:237,0
DA:239,0
DA:239,0
DA:242,0
DA:242,0
DA:243,0
DA:243,0
DA:246,0
DA:246,0
DA:246,0
DA:253,0
DA:253,0
DA:253,0
DA:254,0
DA:254,0
DA:257,0
DA:257,0
DA:258,0
DA:258,0
DA:260,0
DA:260,0
DA:261,0
DA:261,0
FN:95,SetRemoteOnHome.run
FNDA:0,SetRemoteOnHome.run
DA:98,0
DA:98,0
DA:98,0
DA:99,0
DA:99,0
FN:107,SetRemoteOnAway.run
FNDA:0,SetRemoteOnAway.run
DA:110,0
DA:110,0
DA:110,0
DA:111,0
DA:111,0
FN:165,SetRateLimitsHome.run
FNDA:0,SetRateLimitsHome.run
DA:167,0
DA:167,0
DA:168,0
DA:168,0
FN:41,DeployHome.run
FNDA:0,DeployHome.run
DA:44,0
DA:44,0
DA:45,0
DA:45,0
DA:46,0
DA:46,0
DA:47,0
DA:47,0
DA:47,0
DA:49,0
DA:49,0
DA:50,0
DA:50,0
DA:51,0
DA:51,0
DA:51,0
FN:61,DeployElsewhere.run
FNDA:0,DeployElsewhere.run
DA:64,0
DA:64,0
DA:65,0
DA:65,0
DA:66,0
DA:66,0
DA:67,0
DA:67,0
DA:69,0
DA:69,0
DA:69,0
FN:124,SetGasLimitsHome.run
FNDA:0,SetGasLimitsHome.run
DA:126,0
DA:126,0
DA:129,0
DA:129,0
DA:129,0
DA:130,0
DA:130,0
DA:133,0
DA:133,0
DA:135,0
DA:135,0
FN:144,SetGasLimitsAway.run
FNDA:0,SetGasLimitsAway.run
DA:146,0
DA:146,0
DA:149,0
DA:149,0
DA:149,0
DA:150,0
DA:150,0
DA:153,0
DA:153,0
DA:155,0
DA:155,0
FN:176,SetRateLimitsRemote.run
FNDA:0,SetRateLimitsRemote.run
DA:178,0
DA:178,0
DA:179,0
DA:179,0
FN:336,TransferOwnershipRemote.run
FNDA:0,TransferOwnershipRemote.run
DA:338,0
DA:338,0
DA:338,0
DA:339,0
DA:339,0
FN:324,TransferOwnershipHome.run
FNDA:0,TransferOwnershipHome.run
DA:326,0
DA:326,0
DA:326,0
DA:327,0
DA:327,0
FNF:12
FNH:0
LF:70
LH:0
BRF:0
BRH:0
end_of_record
TN:
SF:script/DeploySphinx.s.sol
FN:39,LZState.setUp
FNDA:0,LZState.setUp
DA:41,0
DA:41,0
DA:42,0
DA:42,0
DA:44,0
DA:44,0
DA:49,0
DA:49,0
DA:50,0
DA:50,0
FN:58,Deploy.run
FNDA:0,Deploy.run
DA:60,0
DA:60,0
DA:61,0
DA:61,0
DA:62,0
DA:62,0
DA:65,0
DA:65,0
BRDA:65,0,0,-
BRDA:65,0,1,-
DA:68,0
DA:68,0
DA:69,0
DA:69,0
DA:70,0
DA:70,0
DA:71,0
DA:71,0
DA:74,0
DA:74,0
DA:75,0
DA:75,0
DA:76,0
DA:76,0
DA:79,0
DA:79,0
BRDA:79,1,0,-
BRDA:79,1,1,-
DA:81,0
DA:81,0
DA:82,0
DA:82,0
DA:83,0
DA:83,0
DA:84,0
DA:84,0
DA:86,0
DA:86,0
DA:91,0
DA:91,0
BRDA:91,2,0,-
BRDA:91,2,1,-
DA:94,0
DA:94,0
DA:94,0
DA:95,0
DA:95,0
DA:99,0
DA:99,0
DA:102,0
DA:102,0
DA:102,0
DA:103,0
DA:103,0
DA:105,0
DA:105,0
DA:110,0
DA:110,0
DA:113,0
DA:113,0
DA:113,0
DA:124,0
DA:124,0
DA:124,0
DA:127,0
DA:127,0
DA:129,0
DA:129,0
BRDA:129,3,0,-
BRDA:129,3,1,-
DA:133,0
DA:133,0
DA:133,0
DA:134,0
DA:134,0
DA:138,0
DA:138,0
DA:141,0
DA:141,0
DA:141,0
DA:142,0
DA:142,0
DA:144,0
DA:144,0
FNF:2
FNH:0
LF:40
LH:0
BRF:8
BRH:0
end_of_record
TN:
SF:script/DeploySphinxV2.s.sol
FN:36,LZState.setUp
FNDA:0,LZState.setUp
DA:38,0
DA:38,0
DA:39,0
DA:39,0
DA:41,0
DA:41,0
DA:46,0
DA:46,0
DA:47,0
DA:47,0
FN:54,DeployV2.run
FNDA:0,DeployV2.run
DA:59,0
DA:59,0
DA:60,0
DA:60,0
DA:61,0
DA:61,0
DA:61,0
DA:63,0
DA:63,0
DA:63,0
DA:65,0
DA:65,0
DA:65,0
DA:73,0
DA:73,0
DA:73,0
DA:74,0
DA:74,0
DA:75,0
DA:75,0
DA:75,0
DA:76,0
DA:76,0
DA:76,0
DA:78,0
DA:78,0
DA:78,0
DA:80,0
DA:80,0
DA:80,0
DA:89,0
DA:89,0
DA:93,0
DA:93,0
DA:93,0
DA:95,0
DA:95,0
DA:95,0
DA:104,0
DA:104,0
BRDA:104,0,0,-
BRDA:104,0,1,-
DA:106,0
DA:106,0
DA:107,0
DA:107,0
DA:109,0
DA:109,0
BRDA:109,1,0,-
BRDA:109,1,1,-
DA:111,0
DA:111,0
DA:116,0
DA:116,0
BRDA:116,2,0,-
BRDA:116,2,1,-
DA:119,0
DA:119,0
DA:119,0
DA:120,0
DA:120,0
DA:124,0
DA:124,0
DA:127,0
DA:127,0
DA:127,0
DA:128,0
DA:128,0
DA:131,0
DA:131,0
DA:133,0
DA:133,0
DA:137,0
DA:137,0
DA:138,0
DA:138,0
DA:140,0
DA:140,0
BRDA:140,3,0,-
BRDA:140,3,1,-
DA:144,0
DA:144,0
DA:144,0
DA:145,0
DA:145,0
DA:150,0
DA:150,0
DA:153,0
DA:153,0
DA:153,0
DA:154,0
DA:154,0
DA:157,0
DA:157,0
DA:158,0
DA:158,0
DA:162,0
DA:162,0
DA:163,0
DA:163,0
FNF:2
FNH:0
LF:44
LH:0
BRF:8
BRH:0
end_of_record
TN:
SF:script/DeployTest.s.sol
FN:142,SetGasLimitsHome.run
FNDA:0,SetGasLimitsHome.run
DA:143,0
DA:143,0
DA:143,0
DA:144,0
DA:144,0
DA:146,0
DA:146,0
DA:149,0
DA:149,0
DA:149,0
DA:150,0
DA:150,0
DA:153,0
DA:153,0
DA:155,0
DA:155,0
DA:157,0
DA:157,0
FN:101,SetRemoteOnHome.run
FNDA:0,SetRemoteOnHome.run
DA:103,0
DA:103,0
DA:103,0
DA:104,0
DA:104,0
DA:108,0
DA:108,0
DA:108,0
DA:109,0
DA:109,0
DA:111,0
DA:111,0
FN:166,SetGasLimitsAway.run
FNDA:0,SetGasLimitsAway.run
DA:167,0
DA:167,0
DA:167,0
DA:168,0
DA:168,0
DA:170,0
DA:170,0
DA:173,0
DA:173,0
DA:173,0
DA:174,0
DA:174,0
DA:177,0
DA:177,0
DA:179,0
DA:179,0
DA:181,0
DA:181,0
FN:372,SendAndCallToRemote.run
FNDA:0,SendAndCallToRemote.run
DA:374,0
DA:374,0
DA:374,0
DA:375,0
DA:375,0
DA:378,0
DA:378,0
DA:381,0
DA:381,0
DA:381,0
DA:382,0
DA:382,0
DA:382,0
DA:393,0
DA:393,0
DA:393,0
DA:396,0
DA:396,0
DA:398,0
DA:398,0
FN:443,SetDvnHome.run
FNDA:0,SetDvnHome.run
DA:445,0
DA:445,0
DA:445,0
DA:446,0
DA:446,0
DA:449,0
DA:449,0
DA:451,0
DA:451,0
DA:457,0
DA:457,0
DA:458,0
DA:458,0
DA:458,0
DA:459,0
DA:459,0
DA:460,0
DA:460,0
DA:461,0
DA:461,0
DA:464,0
DA:464,0
DA:465,0
DA:465,0
DA:468,0
DA:468,0
DA:468,0
DA:475,0
DA:475,0
DA:475,0
DA:476,0
DA:476,0
DA:479,0
DA:479,0
DA:480,0
DA:480,0
DA:482,0
DA:482,0
DA:483,0
DA:483,0
DA:485,0
DA:485,0
FN:262,SendTokensToHome.run
FNDA:0,SendTokensToHome.run
DA:264,0
DA:264,0
DA:264,0
DA:265,0
DA:265,0
DA:267,0
DA:267,0
DA:267,0
DA:268,0
DA:268,0
DA:268,0
DA:279,0
DA:279,0
DA:279,0
DA:283,0
DA:283,0
DA:285,0
DA:285,0
FN:191,SetRateLimitsHome.run
FNDA:0,SetRateLimitsHome.run
DA:192,0
DA:192,0
DA:192,0
DA:193,0
DA:193,0
DA:195,0
DA:195,0
DA:196,0
DA:196,0
DA:198,0
DA:198,0
FN:228,SendTokensToAway.run
FNDA:0,SendTokensToAway.run
DA:230,0
DA:230,0
DA:230,0
DA:231,0
DA:231,0
DA:234,0
DA:234,0
DA:237,0
DA:237,0
DA:237,0
DA:238,0
DA:238,0
DA:238,0
DA:249,0
DA:249,0
DA:249,0
DA:252,0
DA:252,0
DA:254,0
DA:254,0
FN:206,SetRateLimitsRemote.run
FNDA:0,SetRateLimitsRemote.run
DA:208,0
DA:208,0
DA:208,0
DA:209,0
DA:209,0
DA:211,0
DA:211,0
DA:212,0
DA:212,0
DA:214,0
DA:214,0
FN:60,DeployElsewhere.run
FNDA:0,DeployElsewhere.run
DA:62,0
DA:62,0
DA:62,0
DA:63,0
DA:63,0
DA:66,0
DA:66,0
DA:67,0
DA:67,0
DA:68,0
DA:68,0
DA:69,0
DA:69,0
DA:71,0
DA:71,0
DA:71,0
DA:72,0
DA:72,0
FN:119,SetRemoteOnAway.run
FNDA:0,SetRemoteOnAway.run
DA:121,0
DA:121,0
DA:121,0
DA:122,0
DA:122,0
DA:126,0
DA:126,0
DA:126,0
DA:127,0
DA:127,0
DA:129,0
DA:129,0
FN:294,SendTokensToRemotePlusGas.run
FNDA:0,SendTokensToRemotePlusGas.run
DA:296,0
DA:296,0
DA:296,0
DA:297,0
DA:297,0
DA:300,0
DA:300,0
DA:305,0
DA:305,0
DA:307,0
DA:307,0
DA:307,0
DA:308,0
DA:308,0
DA:308,0
DA:319,0
DA:319,0
DA:319,0
DA:322,0
DA:322,0
DA:324,0
DA:324,0
FN:353,BreakBridge.run
FNDA:0,BreakBridge.run
DA:355,0
DA:355,0
DA:355,0
DA:356,0
DA:356,0
DA:361,0
DA:361,0
DA:363,0
DA:363,0
FN:33,DeployHome.run
FNDA:0,DeployHome.run
DA:35,0
DA:35,0
DA:35,0
DA:36,0
DA:36,0
DA:39,0
DA:39,0
DA:40,0
DA:40,0
DA:41,0
DA:41,0
DA:42,0
DA:42,0
DA:42,0
DA:45,0
DA:45,0
DA:46,0
DA:46,0
DA:47,0
DA:47,0
DA:47,0
DA:49,0
DA:49,0
FNF:14
FNH:0
LF:109
LH:0
BRF:0
BRH:0
end_of_record
TN:
SF:script/DeployTestMock.s.sol
FN:165,SetGasLimitsAway.run
FNDA:0,SetGasLimitsAway.run
DA:166,0
DA:166,0
DA:166,0
DA:167,0
DA:167,0
DA:169,0
DA:169,0
DA:172,0
DA:172,0
DA:172,0
DA:173,0
DA:173,0
DA:176,0
DA:176,0
DA:178,0
DA:178,0
DA:180,0
DA:180,0
FN:141,SetGasLimitsHome.run
FNDA:0,SetGasLimitsHome.run
DA:142,0
DA:142,0
DA:142,0
DA:143,0
DA:143,0
DA:145,0
DA:145,0
DA:148,0
DA:148,0
DA:148,0
DA:149,0
DA:149,0
DA:152,0
DA:152,0
DA:154,0
DA:154,0
DA:156,0
DA:156,0
FN:260,SendTokensToRemotePlusGas.run
FNDA:0,SendTokensToRemotePlusGas.run
DA:262,0
DA:262,0
DA:262,0
DA:263,0
DA:263,0
DA:266,0
DA:266,0
DA:271,0
DA:271,0
DA:273,0
DA:273,0
DA:273,0
DA:274,0
DA:274,0
DA:274,0
DA:285,0
DA:285,0
DA:285,0
DA:288,0
DA:288,0
DA:290,0
DA:290,0
FN:190,SetRateLimitsHome.run
FNDA:0,SetRateLimitsHome.run
DA:191,0
DA:191,0
DA:191,0
DA:192,0
DA:192,0
DA:194,0
DA:194,0
DA:195,0
DA:195,0
DA:197,0
DA:197,0
FN:59,DeployElsewhere.run
FNDA:0,DeployElsewhere.run
DA:61,0
DA:61,0
DA:61,0
DA:62,0
DA:62,0
DA:65,0
DA:65,0
DA:66,0
DA:66,0
DA:67,0
DA:67,0
DA:68,0
DA:68,0
DA:70,0
DA:70,0
DA:70,0
DA:71,0
DA:71,0
FN:205,SetRateLimitsRemote.run
FNDA:0,SetRateLimitsRemote.run
DA:207,0
DA:207,0
DA:207,0
DA:208,0
DA:208,0
DA:210,0
DA:210,0
DA:211,0
DA:211,0
DA:213,0
DA:213,0
FN:118,SetRemoteOnAway.run
FNDA:0,SetRemoteOnAway.run
DA:120,0
DA:120,0
DA:120,0
DA:121,0
DA:121,0
DA:125,0
DA:125,0
DA:125,0
DA:126,0
DA:126,0
DA:128,0
DA:128,0
FN:100,SetRemoteOnHome.run
FNDA:0,SetRemoteOnHome.run
DA:102,0
DA:102,0
DA:102,0
DA:103,0
DA:103,0
DA:107,0
DA:107,0
DA:107,0
DA:108,0
DA:108,0
DA:110,0
DA:110,0
FN:33,DeployHome.run
FNDA:0,DeployHome.run
DA:35,0
DA:35,0
DA:35,0
DA:36,0
DA:36,0
DA:39,0
DA:39,0
DA:40,0
DA:40,0
DA:41,0
DA:41,0
DA:42,0
DA:42,0
DA:42,0
DA:45,0
DA:45,0
DA:46,0
DA:46,0
DA:47,0
DA:47,0
DA:47,0
DA:49,0
DA:49,0
FN:227,SendTokensToAway.run
FNDA:0,SendTokensToAway.run
DA:229,0
DA:229,0
DA:229,0
DA:230,0
DA:230,0
DA:233,0
DA:233,0
DA:235,0
DA:235,0
DA:235,0
DA:236,0
DA:236,0
DA:236,0
DA:247,0
DA:247,0
DA:247,0
DA:250,0
DA:250,0
DA:252,0
DA:252,0
FNF:10
FNH:0
LF:71
LH:0
BRF:0
BRH:0
end_of_record
TN:
SF:script/Others/Others.s.sol
FN:103,SetGasLimitsHome.run
FNDA:0,SetGasLimitsHome.run
DA:104,0
DA:104,0
DA:104,0
DA:105,0
DA:105,0
DA:107,0
DA:107,0
DA:110,0
DA:110,0
DA:110,0
DA:111,0
DA:111,0
DA:114,0
DA:114,0
DA:116,0
DA:116,0
DA:118,0
DA:118,0
FN:226,SendAndCall.run
FNDA:0,SendAndCall.run
DA:228,0
DA:228,0
DA:228,0
DA:229,0
DA:229,0
DA:232,0
DA:232,0
DA:235,0
DA:235,0
DA:235,0
DA:236,0
DA:236,0
DA:236,0
DA:247,0
DA:247,0
DA:247,0
DA:250,0
DA:250,0
DA:252,0
DA:252,0
FN:80,SetRemoteOnAway.run
FNDA:0,SetRemoteOnAway.run
DA:82,0
DA:82,0
DA:82,0
DA:83,0
DA:83,0
DA:87,0
DA:87,0
DA:87,0
DA:88,0
DA:88,0
DA:90,0
DA:90,0
FN:62,SetRemoteOnHome.run
FNDA:0,SetRemoteOnHome.run
DA:64,0
DA:64,0
DA:64,0
DA:65,0
DA:65,0
DA:69,0
DA:69,0
DA:69,0
DA:70,0
DA:70,0
DA:72,0
DA:72,0
FN:286,RetryMessage.run
FNDA:0,RetryMessage.run
DA:288,0
DA:288,0
DA:289,0
DA:289,0
DA:290,0
DA:290,0
DA:291,0
DA:291,0
DA:292,0
DA:292,0
DA:294,0
DA:294,0
DA:300,0
DA:300,0
DA:300,0
DA:302,0
DA:302,0
DA:303,0
DA:303,0
DA:304,0
DA:304,0
DA:305,0
DA:305,0
DA:308,0
DA:308,0
FN:157,SendTokensToAway.run
FNDA:0,SendTokensToAway.run
DA:159,0
DA:159,0
DA:159,0
DA:160,0
DA:160,0
DA:163,0
DA:163,0
DA:166,0
DA:166,0
DA:166,0
DA:167,0
DA:167,0
DA:167,0
DA:178,0
DA:178,0
DA:178,0
DA:182,0
DA:182,0
DA:184,0
DA:184,0
FN:207,ResetPeerOnRemote.run
FNDA:0,ResetPeerOnRemote.run
DA:209,0
DA:209,0
DA:209,0
DA:210,0
DA:210,0
DA:215,0
DA:215,0
DA:217,0
DA:217,0
FN:127,SetGasLimitsAway.run
FNDA:0,SetGasLimitsAway.run
DA:128,0
DA:128,0
DA:128,0
DA:129,0
DA:129,0
DA:131,0
DA:131,0
DA:134,0
DA:134,0
DA:134,0
DA:135,0
DA:135,0
DA:138,0
DA:138,0
DA:140,0
DA:140,0
DA:142,0
DA:142,0
FNF:8
FNH:0
LF:58
LH:0
BRF:0
BRH:0
end_of_record
TN:
SF:src/EIP3009.sol
FN:45,EIP3009.authorizationState
FNDA:34,EIP3009.authorizationState
DA:46,34
DA:46,34
FN:61,EIP3009._transferWithAuthorization
FNDA:22,EIP3009._transferWithAuthorization
DA:72,22
DA:72,22
FN:94,EIP3009._transferWithAuthorization
FNDA:22,EIP3009._transferWithAuthorization
DA:103,22
DA:103,22
DA:104,6
DA:104,6
DA:120,4
DA:120,4
DA:121,4
DA:121,4
FN:138,EIP3009._receiveWithAuthorization
FNDA:20,EIP3009._receiveWithAuthorization
DA:149,20
DA:149,20
FN:173,EIP3009._receiveWithAuthorization
FNDA:20,EIP3009._receiveWithAuthorization
DA:182,20
DA:182,20
BRDA:182,0,0,6
BRDA:182,0,1,14
DA:183,14
DA:183,14
DA:184,4
DA:184,4
DA:200,4
DA:200,4
DA:201,4
DA:201,4
FN:212,EIP3009._cancelAuthorization
FNDA:16,EIP3009._cancelAuthorization
DA:220,16
DA:220,16
FN:230,EIP3009._cancelAuthorization
FNDA:16,EIP3009._cancelAuthorization
DA:231,16
DA:231,16
DA:232,4
DA:232,4
DA:240,4
DA:240,4
DA:241,4
DA:241,4
FN:250,EIP3009._requireValidSignature
FNDA:14,EIP3009._requireValidSignature
DA:251,14
DA:251,14
BRDA:251,1,0,2
BRDA:251,1,1,12
FN:261,EIP3009._requireUnusedAuthorization
FNDA:48,EIP3009._requireUnusedAuthorization
DA:262,48
DA:262,48
BRDA:262,2,0,34
BRDA:262,2,1,14
FN:272,EIP3009._requireValidAuthorization
FNDA:36,EIP3009._requireValidAuthorization
DA:279,36
DA:279,36
BRDA:279,3,0,2
BRDA:279,3,1,34
DA:280,34
DA:280,34
BRDA:280,4,0,2
BRDA:280,4,1,32
DA:282,32
DA:282,32
FN:290,EIP3009._markAuthorizationAsUsed
FNDA:8,EIP3009._markAuthorizationAsUsed
DA:291,8
DA:291,8
DA:292,8
DA:292,8
FNF:11
FNH:11
LF:24
LH:24
BRF:10
BRH:10
end_of_record
TN:
SF:src/EIP712Domain.sol
FN:21,EIP712Domain.DOMAIN_SEPARATOR
FNDA:22,EIP712Domain.DOMAIN_SEPARATOR
DA:22,22
DA:22,22
DA:22,22
FN:29,EIP712Domain._domainSeparator
FNDA:0,EIP712Domain._domainSeparator
DA:30,0
DA:30,0
FNF:2
FNH:1
LF:2
LH:1
BRF:0
BRH:0
end_of_record
TN:
SF:src/MocaOFT.sol
FN:70,MocaOFT._domainSeparator
FNDA:19,MocaOFT._domainSeparator
DA:71,19
DA:71,19
DA:71,19
FN:84,MocaOFT.setOutboundLimit
FNDA:16,MocaOFT.setOutboundLimit
DA:85,16
DA:85,16
DA:86,16
DA:86,16
FN:94,MocaOFT.setInboundLimit
FNDA:16,MocaOFT.setInboundLimit
DA:95,16
DA:95,16
DA:96,16
DA:96,16
FN:104,MocaOFT.setWhitelist
FNDA:2,MocaOFT.setWhitelist
DA:105,2
DA:105,2
DA:106,2
DA:106,2
FN:114,MocaOFT.setOperator
FNDA:16,MocaOFT.setOperator
DA:115,16
DA:115,16
DA:116,16
DA:116,16
FN:124,MocaOFT.resetPeer
FNDA:2,MocaOFT.resetPeer
DA:125,2
DA:125,2
BRDA:125,0,0,1
BRDA:125,0,1,1
DA:127,1
DA:127,1
DA:128,1
DA:128,1
FN:136,MocaOFT.resetReceivedTokenAmount
FNDA:2,MocaOFT.resetReceivedTokenAmount
DA:137,1
DA:137,1
FN:145,MocaOFT.resetSentTokenAmount
FNDA:2,MocaOFT.resetSentTokenAmount
DA:146,1
DA:146,1
FN:163,MocaOFT._debit
FNDA:9,MocaOFT._debit
DA:165,9
DA:165,9
DA:165,9
DA:168,9
BRDA:168,1,0,1
BRDA:168,1,1,8
DA:168,1
DA:170,8
DA:170,8
DA:171,8
DA:171,8
DA:172,8
DA:172,8
DA:175,8
DA:175,8
BRDA:175,2,0,1
BRDA:175,2,1,7
DA:176,1
DA:176,1
DA:177,1
DA:177,1
DA:181,7
DA:181,7
DA:185,8
DA:185,8
DA:186,8
DA:186,8
BRDA:186,3,0,1
BRDA:186,3,1,7
DA:186,1
DA:189,7
DA:189,7
DA:191,7
DA:191,7
FN:202,MocaOFT._credit
FNDA:9,MocaOFT._credit
DA:204,9
DA:204,9
DA:204,9
DA:205,9
DA:205,9
DA:205,9
BRDA:205,4,0,1
BRDA:205,4,1,8
DA:205,1
DA:207,8
DA:207,8
DA:207,8
DA:210,8
BRDA:210,5,0,1
BRDA:210,5,1,7
DA:210,1
DA:213,7
DA:213,7
DA:214,7
DA:214,7
DA:215,7
DA:215,7
DA:218,7
DA:218,7
BRDA:218,6,0,1
BRDA:218,6,1,6
DA:219,1
DA:219,1
DA:220,1
DA:220,1
DA:223,6
DA:223,6
DA:227,7
DA:227,7
DA:228,7
DA:228,7
BRDA:228,7,0,1
BRDA:228,7,1,6
DA:228,1
DA:231,6
DA:231,6
DA:233,6
DA:233,6
FN:252,MocaOFT.send
FNDA:9,MocaOFT.send
DA:256,9
DA:256,9
DA:256,9
DA:263,8
DA:263,8
DA:263,8
DA:266,8
DA:266,8
BRDA:266,8,0,1
BRDA:266,8,1,7
DA:266,1
DA:269,7
DA:269,7
DA:271,7
DA:271,7
DA:273,7
DA:273,7
FN:281,MocaOFT.isComposed
FNDA:8,MocaOFT.isComposed
DA:284,8
DA:284,8
DA:284,8
FN:304,MocaOFT.transferWithAuthorization
FNDA:11,MocaOFT.transferWithAuthorization
DA:305,11
DA:305,11
FN:328,MocaOFT.cancelAuthorization
FNDA:8,MocaOFT.cancelAuthorization
DA:329,8
DA:329,8
FN:347,MocaOFT.receiveWithAuthorization
FNDA:10,MocaOFT.receiveWithAuthorization
DA:359,10
DA:359,10
FN:380,MocaOFT.transferOwnership
FNDA:2,MocaOFT.transferOwnership
DA:381,1
DA:381,1
FN:388,MocaOFT._transferOwnership
FNDA:1,MocaOFT._transferOwnership
DA:389,1
DA:389,1
FNF:17
FNH:17
LF:54
LH:54
BRF:18
BRH:18
end_of_record
TN:
SF:src/MocaToken.sol
FN:25,MocaToken._domainSeparator
FNDA:19,MocaToken._domainSeparator
DA:26,19
DA:26,19
DA:26,19
FN:34,MocaToken.burn
FNDA:256,MocaToken.burn
DA:35,256
DA:35,256
FN:50,MocaToken.transferWithAuthorization
FNDA:11,MocaToken.transferWithAuthorization
DA:51,11
DA:51,11
FN:74,MocaToken.cancelAuthorization
FNDA:8,MocaToken.cancelAuthorization
DA:75,8
DA:75,8
FN:93,MocaToken.receiveWithAuthorization
FNDA:10,MocaToken.receiveWithAuthorization
DA:105,10
DA:105,10
FNF:5
FNH:5
LF:5
LH:5
BRF:0
BRH:0
end_of_record
TN:
SF:src/MocaTokenAdapter.sol
FN:63,MocaTokenAdapter.setOutboundLimit
FNDA:17,MocaTokenAdapter.setOutboundLimit
DA:64,17
DA:64,17
DA:65,17
DA:65,17
FN:73,MocaTokenAdapter.setInboundLimit
FNDA:17,MocaTokenAdapter.setInboundLimit
DA:74,17
DA:74,17
DA:75,17
DA:75,17
FN:83,MocaTokenAdapter.setWhitelist
FNDA:2,MocaTokenAdapter.setWhitelist
DA:84,2
DA:84,2
DA:85,2
DA:85,2
FN:93,MocaTokenAdapter.setOperator
FNDA:17,MocaTokenAdapter.setOperator
DA:94,17
DA:94,17
DA:95,17
DA:95,17
FN:103,MocaTokenAdapter.resetPeer
FNDA:2,MocaTokenAdapter.resetPeer
DA:104,2
DA:104,2
BRDA:104,0,0,1
BRDA:104,0,1,1
DA:106,1
DA:106,1
DA:107,1
DA:107,1
FN:115,MocaTokenAdapter.resetReceivedTokenAmount
FNDA:2,MocaTokenAdapter.resetReceivedTokenAmount
DA:116,1
DA:116,1
FN:124,MocaTokenAdapter.resetSentTokenAmount
FNDA:2,MocaTokenAdapter.resetSentTokenAmount
DA:125,1
DA:125,1
FN:141,MocaTokenAdapter._debit
FNDA:9,MocaTokenAdapter._debit
DA:143,9
DA:143,9
DA:143,9
DA:146,9
BRDA:146,1,0,1
BRDA:146,1,1,8
DA:146,1
DA:148,8
DA:148,8
DA:149,8
DA:149,8
DA:150,8
DA:150,8
DA:153,8
DA:153,8
BRDA:153,2,0,1
BRDA:153,2,1,7
DA:154,1
DA:154,1
DA:155,1
DA:155,1
DA:159,7
DA:159,7
DA:163,8
DA:163,8
DA:164,8
DA:164,8
BRDA:164,3,0,1
BRDA:164,3,1,7
DA:164,1
DA:167,7
DA:167,7
DA:169,7
DA:169,7
FN:180,MocaTokenAdapter._credit
FNDA:8,MocaTokenAdapter._credit
DA:182,8
DA:182,8
DA:182,8
DA:185,8
BRDA:185,4,0,1
BRDA:185,4,1,7
DA:185,1
DA:188,7
DA:188,7
DA:189,7
DA:189,7
DA:190,7
DA:190,7
DA:193,7
DA:193,7
BRDA:193,5,0,1
BRDA:193,5,1,6
DA:194,1
DA:194,1
DA:195,1
DA:195,1
DA:198,6
DA:198,6
DA:202,7
DA:202,7
DA:203,7
DA:203,7
BRDA:203,6,0,1
BRDA:203,6,1,6
DA:203,1
DA:206,6
DA:206,6
DA:208,6
DA:208,6
FN:227,MocaTokenAdapter.send
FNDA:9,MocaTokenAdapter.send
DA:231,9
DA:231,9
DA:231,9
DA:238,8
DA:238,8
DA:238,8
DA:241,8
DA:241,8
BRDA:241,7,0,1
BRDA:241,7,1,7
DA:241,1
DA:244,7
DA:244,7
DA:246,7
DA:246,7
DA:248,7
DA:248,7
FN:256,MocaTokenAdapter.isComposed
FNDA:8,MocaTokenAdapter.isComposed
DA:259,8
DA:259,8
DA:259,8
FN:271,MocaTokenAdapter.transferOwnership
FNDA:2,MocaTokenAdapter.transferOwnership
DA:272,1
DA:272,1
FN:279,MocaTokenAdapter._transferOwnership
FNDA:1,MocaTokenAdapter._transferOwnership
DA:280,1
DA:280,1
FNF:13
FNH:13
LF:48
LH:48
BRF:16
BRH:16
end_of_record
TN:
SF:src/utils/ECRecover.sol
FN:19,ECRecover.recover
FNDA:0,ECRecover.recover
DA:35,0
DA:35,0
DA:35,0
BRDA:34,0,0,-
BRDA:34,0,1,-
DA:38,0
DA:38,0
DA:41,0
DA:41,0
DA:41,0
DA:41,0
BRDA:41,1,0,-
BRDA:41,1,1,-
DA:42,0
DA:42,0
DA:46,0
DA:46,0
DA:46,0
DA:47,0
DA:47,0
BRDA:47,2,0,-
BRDA:47,2,1,-
DA:49,0
DA:49,0
FN:59,ECRecover.recover
FNDA:0,ECRecover.recover
DA:64,0
DA:64,0
BRDA:64,3,0,-
BRDA:64,3,1,-
DA:66,0
DA:66,0
DA:67,0
DA:67,0
DA:68,0
DA:68,0
DA:74,0
DA:74,0
DA:75,0
DA:75,0
DA:76,0
DA:76,0
DA:78,0
DA:78,0
DA:78,0
FNF:2
FNH:0
LF:15
LH:0
BRF:8
BRH:0
end_of_record
TN:
SF:src/utils/EIP712.sol
FN:16,EIP712.makeDomainSeparator
FNDA:0,EIP712.makeDomainSeparator
DA:21,0
DA:21,0
DA:22,0
DA:22,0
FN:40,EIP712.makeDomainSeparator
FNDA:0,EIP712.makeDomainSeparator
DA:45,0
DA:45,0
DA:47,0
DA:47,0
DA:49,0
DA:49,0
DA:49,0
FNF:2
FNH:0
LF:5
LH:0
BRF:0
BRH:0
end_of_record
TN:
SF:src/utils/MessageHashUtils.sol
FN:24,MessageHashUtils.toTypedDataHash
FNDA:0,MessageHashUtils.toTypedDataHash
DA:34,0
DA:34,0
FNF:1
FNH:0
LF:1
LH:0
BRF:0
BRH:0
end_of_record
TN:
SF:src/utils/SignatureChecker.sol
FN:21,SignatureChecker.isValidSignatureNow
FNDA:0,SignatureChecker.isValidSignatureNow
DA:22,0
DA:22,0
BRDA:22,0,0,-
BRDA:22,0,1,-
DA:23,0
DA:23,0
DA:23,0
DA:23,0
DA:25,0
DA:25,0
DA:25,0
FN:38,SignatureChecker.isValidERC1271SignatureNow
FNDA:0,SignatureChecker.isValidERC1271SignatureNow
DA:39,0
DA:39,0
DA:39,0
DA:46,0
DA:46,0
FN:52,SignatureChecker.isContract
FNDA:0,SignatureChecker.isContract
DA:53,0
DA:53,0
DA:55,0
DA:55,0
DA:57,0
DA:57,0
DA:57,0
FNF:3
FNH:0
LF:8
LH:0
BRF:2
BRH:0
end_of_record
TN:
SF:test/MocaOFTTest.t.sol
FN:681,StateRateLimits.setUp
FNDA:0,StateRateLimits.setUp
DA:682,0
DA:682,0
DA:684,0
DA:684,0
DA:686,0
DA:686,0
DA:688,0
DA:688,0
DA:689,0
DA:689,0
DA:690,0
DA:690,0
DA:692,0
DA:692,0
DA:694,0
DA:694,0
DA:695,0
DA:695,0
DA:697,0
DA:697,0
FN:35,StateDeployed.setUp
FNDA:0,StateDeployed.setUp
DA:38,0
DA:38,0
DA:39,0
DA:39,0
DA:40,0
DA:40,0
DA:41,0
DA:41,0
DA:44,0
DA:44,0
DA:45,0
DA:45,0
DA:47,0
DA:47,0
DA:50,0
DA:50,0
DA:51,0
DA:51,0
DA:53,0
DA:53,0
DA:54,0
DA:54,0
DA:55,0
DA:55,0
DA:57,0
DA:57,0
FN:60,StateDeployed._getTransferHash
FNDA:0,StateDeployed._getTransferHash
DA:69,0
DA:69,0
DA:69,0
DA:80,0
DA:80,0
DA:80,0
DA:81,0
DA:81,0
FN:84,StateDeployed._getCancelHash
FNDA:0,StateDeployed._getCancelHash
DA:87,0
DA:87,0
DA:87,0
DA:93,0
DA:93,0
DA:93,0
DA:94,0
DA:94,0
FN:97,StateDeployed._getReceiveHash
FNDA:0,StateDeployed._getReceiveHash
DA:105,0
DA:105,0
DA:105,0
DA:115,0
DA:115,0
DA:115,0
DA:116,0
DA:116,0
FN:943,StateRateReset.setUp
FNDA:0,StateRateReset.setUp
DA:944,0
DA:944,0
DA:946,0
DA:946,0
DA:946,0
DA:947,0
DA:947,0
DA:947,0
DA:958,0
DA:958,0
DA:960,0
DA:960,0
DA:960,0
DA:961,0
DA:961,0
DA:963,0
DA:963,0
DA:965,0
DA:965,0
DA:966,0
DA:966,0
FNF:6
FNH:0
LF:41
LH:0
BRF:0
BRH:0
end_of_record
TN:
SF:test/MocaTokenAdaptor.t.sol
FN:345,StateRateReset.setUp
FNDA:0,StateRateReset.setUp
DA:346,0
DA:346,0
DA:348,0
DA:348,0
DA:348,0
DA:349,0
DA:349,0
DA:349,0
DA:360,0
DA:360,0
DA:362,0
DA:362,0
DA:362,0
DA:363,0
DA:363,0
DA:365,0
DA:365,0
DA:367,0
DA:367,0
DA:368,0
DA:368,0
FN:36,StateDeployed.setUp
FNDA:0,StateDeployed.setUp
DA:39,0
DA:39,0
DA:40,0
DA:40,0
DA:41,0
DA:41,0
DA:42,0
DA:42,0
DA:43,0
DA:43,0
DA:45,0
DA:45,0
DA:46,0
DA:46,0
DA:48,0
DA:48,0
DA:51,0
DA:51,0
DA:52,0
DA:52,0
DA:54,0
DA:54,0
DA:55,0
DA:55,0
DA:56,0
DA:56,0
DA:58,0
DA:58,0
FN:67,StateRateLimits.setUp
FNDA:0,StateRateLimits.setUp
DA:68,0
DA:68,0
DA:70,0
DA:70,0
DA:72,0
DA:72,0
DA:74,0
DA:74,0
DA:75,0
DA:75,0
DA:76,0
DA:76,0
DA:78,0
DA:78,0
DA:80,0
DA:80,0
DA:81,0
DA:81,0
DA:82,0
DA:82,0
DA:83,0
DA:83,0
DA:85,0
DA:85,0
DA:86,0
DA:86,0
DA:89,0
DA:89,0
FNF:3
FNH:0
LF:37
LH:0
BRF:0
BRH:0
end_of_record
TN:
SF:test/MocaTokenTest.t.sol
FN:20,StateDeployed.setUp
FNDA:0,StateDeployed.setUp
DA:23,0
DA:23,0
DA:24,0
DA:24,0
DA:25,0
DA:25,0
DA:27,0
DA:27,0
DA:28,0
DA:28,0
DA:30,0
DA:30,0
DA:33,0
DA:33,0
DA:34,0
DA:34,0
DA:36,0
DA:36,0
DA:37,0
DA:37,0
DA:39,0
DA:39,0
FN:42,StateDeployed._getTransferHash
FNDA:0,StateDeployed._getTransferHash
DA:51,0
DA:51,0
DA:51,0
DA:62,0
DA:62,0
DA:62,0
DA:64,0
DA:64,0
FN:67,StateDeployed._getCancelHash
FNDA:0,StateDeployed._getCancelHash
DA:70,0
DA:70,0
DA:70,0
DA:76,0
DA:76,0
DA:76,0
DA:78,0
DA:78,0
FN:81,StateDeployed._getReceiveHash
FNDA:0,StateDeployed._getReceiveHash
DA:89,0
DA:89,0
DA:89,0
DA:99,0
DA:99,0
DA:99,0
DA:101,0
DA:101,0
FNF:4
FNH:0
LF:20
LH:0
BRF:0
BRH:0
end_of_record
TN:
SF:test/mocks/DummyContractWallet.sol
FN:17,DummyContractWallet.isValidSignature
FNDA:6,DummyContractWallet.isValidSignature
DA:19,6
DA:19,6
DA:19,6
DA:21,6
DA:21,6
DA:21,6
BRDA:21,0,0,-
BRDA:21,0,1,6
DA:22,0
DA:22,0
DA:23,6
DA:23,6
BRDA:23,1,0,6
BRDA:23,1,1,-
DA:24,6
DA:24,6
DA:26,0
DA:26,0
FN:30,DummyContractWallet.recoverSigner
FNDA:6,DummyContractWallet.recoverSigner
DA:31,6
DA:31,6
DA:32,6
DA:32,6
DA:33,6
DA:33,6
DA:35,6
DA:35,6
BRDA:35,2,0,-
BRDA:35,2,1,6
DA:36,0
DA:36,0
DA:36,0
DA:40,6
DA:40,6
DA:41,6
DA:41,6
DA:42,6
DA:42,6
DA:45,6
DA:45,6
BRDA:45,3,0,-
BRDA:45,3,1,6
DA:46,0
DA:46,0
DA:49,6
DA:49,6
DA:49,6
DA:49,4
BRDA:49,4,0,-
BRDA:49,4,1,6
DA:50,0
DA:50,0
DA:50,0
DA:53,6
DA:53,6
DA:53,6
FNF:2
FNH:2
LF:19
LH:14
BRF:10
BRH:5
end_of_record
TN:
SF:test/mocks/EndpointV2Mock.sol
FN:11,EndpointV2Mock.setDelegate
FNDA:49,EndpointV2Mock.setDelegate
FN:13,EndpointV2Mock.send
FNDA:0,EndpointV2Mock.send
FNF:2
FNH:1
LF:0
LH:0
BRF:0
BRH:0
end_of_record
TN:
SF:test/mocks/MocaOFTMock.sol
FN:20,MocaOFTMock.deploymentChainId
FNDA:1,MocaOFTMock.deploymentChainId
DA:21,1
DA:21,1
FN:24,MocaOFTMock.domainSeparator
FNDA:1,MocaOFTMock.domainSeparator
DA:25,1
DA:25,1
DA:25,1
FN:28,MocaOFTMock.makeDomainSeperator
FNDA:1,MocaOFTMock.makeDomainSeperator
DA:30,1
DA:30,1
DA:31,1
DA:31,1
FN:44,MocaOFTMock.mint
FNDA:28,MocaOFTMock.mint
DA:45,28
DA:45,28
FN:48,MocaOFTMock.mockLzReceive
FNDA:0,MocaOFTMock.mockLzReceive
DA:49,0
DA:49,0
FN:52,MocaOFTMock.credit
FNDA:9,MocaOFTMock.credit
DA:53,9
DA:53,9
DA:53,9
FN:56,MocaOFTMock._lzSend
FNDA:7,MocaOFTMock._lzSend
FNF:7
FNH:6
LF:7
LH:6
BRF:0
BRH:0
end_of_record
TN:
SF:test/mocks/MocaTokenMock.sol
FN:17,MocaTokenMock.mint
FNDA:45,MocaTokenMock.mint
DA:18,45
DA:18,45
FN:21,MocaTokenMock.deploymentChainId
FNDA:1,MocaTokenMock.deploymentChainId
DA:22,1
DA:22,1
FN:25,MocaTokenMock.domainSeparator
FNDA:1,MocaTokenMock.domainSeparator
DA:26,1
DA:26,1
DA:26,1
FN:29,MocaTokenMock.makeDomainSeperator
FNDA:1,MocaTokenMock.makeDomainSeperator
DA:31,1
DA:31,1
DA:32,1
DA:32,1
FNF:4
FNH:4
LF:5
LH:5
BRF:0
BRH:0
end_of_record
TN:
SF:test/mocks/MockTokenAdaptor.sol
FN:12,MockTokenAdapter.mockLzReceive
FNDA:0,MockTokenAdapter.mockLzReceive
DA:13,0
DA:13,0
FN:16,MockTokenAdapter.credit
FNDA:8,MockTokenAdapter.credit
DA:17,8
DA:17,8
DA:17,8
FN:21,MockTokenAdapter._lzSend
FNDA:7,MockTokenAdapter._lzSend
FNF:3
FNH:2
LF:2
LH:1
BRF:0
BRH:0
end_of_record
